                                 Started job on |	Jun 16 16:41:26
                             Started mapping on |	Jun 16 16:41:47
                                    Finished on |	Jun 16 17:02:16
       Mapping speed, Million of reads per hour |	150.48

                          Number of input reads |	51371667
                      Average input read length |	272
                                    UNIQUE READS:
                   Uniquely mapped reads number |	43524461
                        Uniquely mapped reads % |	84.72%
                          Average mapped length |	271.09
                       Number of splices: Total |	18078540
            Number of splices: Annotated (sjdb) |	15799052
                       Number of splices: GT/AG |	17537673
                       Number of splices: GC/AG |	283765
                       Number of splices: AT/AC |	143969
               Number of splices: Non-canonical |	113133
                      Mismatch rate per base, % |	0.53%
                         Deletion rate per base |	0.03%
                        Deletion average length |	1.86
                        Insertion rate per base |	0.02%
                       Insertion average length |	2.29
                             MULTI-MAPPING READS:
        Number of reads mapped to multiple loci |	5033026
             % of reads mapped to multiple loci |	9.80%
        Number of reads mapped to too many loci |	2989
             % of reads mapped to too many loci |	0.01%
                                  UNMAPPED READS:
  Number of reads unmapped: too many mismatches |	0
       % of reads unmapped: too many mismatches |	0.00%
            Number of reads unmapped: too short |	2809076
                 % of reads unmapped: too short |	5.47%
                Number of reads unmapped: other |	2115
                     % of reads unmapped: other |	0.00%
                                  CHIMERIC READS:
                       Number of chimeric reads |	0
                            % of chimeric reads |	0.00%
