                                 Started job on |	Jun 11 13:52:38
                             Started mapping on |	Jun 11 13:52:50
                                    Finished on |	Jun 11 14:17:36
       Mapping speed, Million of reads per hour |	114.14

                          Number of input reads |	47115307
                      Average input read length |	270
                                    UNIQUE READS:
                   Uniquely mapped reads number |	38641524
                        Uniquely mapped reads % |	82.01%
                          Average mapped length |	268.27
                       Number of splices: Total |	9844130
            Number of splices: Annotated (sjdb) |	8664015
                       Number of splices: GT/AG |	9304774
                       Number of splices: GC/AG |	337277
                       Number of splices: AT/AC |	158446
               Number of splices: Non-canonical |	43633
                      Mismatch rate per base, % |	0.57%
                         Deletion rate per base |	0.02%
                        Deletion average length |	1.62
                        Insertion rate per base |	0.01%
                       Insertion average length |	1.75
                             MULTI-MAPPING READS:
        Number of reads mapped to multiple loci |	4448615
             % of reads mapped to multiple loci |	9.44%
        Number of reads mapped to too many loci |	3009
             % of reads mapped to too many loci |	0.01%
                                  UNMAPPED READS:
  Number of reads unmapped: too many mismatches |	0
       % of reads unmapped: too many mismatches |	0.00%
            Number of reads unmapped: too short |	4020822
                 % of reads unmapped: too short |	8.53%
                Number of reads unmapped: other |	1337
                     % of reads unmapped: other |	0.00%
                                  CHIMERIC READS:
                       Number of chimeric reads |	0
                            % of chimeric reads |	0.00%
