                                 Started job on |	Jun 11 13:51:16
                             Started mapping on |	Jun 11 13:51:29
                                    Finished on |	Jun 11 13:59:29
       Mapping speed, Million of reads per hour |	249.51

                          Number of input reads |	33268205
                      Average input read length |	149
                                    UNIQUE READS:
                   Uniquely mapped reads number |	27112609
                        Uniquely mapped reads % |	81.50%
                          Average mapped length |	147.74
                       Number of splices: Total |	7770285
            Number of splices: Annotated (sjdb) |	6962770
                       Number of splices: GT/AG |	7635264
                       Number of splices: GC/AG |	87926
                       Number of splices: AT/AC |	9824
               Number of splices: Non-canonical |	37271
                      Mismatch rate per base, % |	0.62%
                         Deletion rate per base |	0.02%
                        Deletion average length |	2.12
                        Insertion rate per base |	0.02%
                       Insertion average length |	1.90
                             MULTI-MAPPING READS:
        Number of reads mapped to multiple loci |	3641980
             % of reads mapped to multiple loci |	10.95%
        Number of reads mapped to too many loci |	11897
             % of reads mapped to too many loci |	0.04%
                                  UNMAPPED READS:
  Number of reads unmapped: too many mismatches |	0
       % of reads unmapped: too many mismatches |	0.00%
            Number of reads unmapped: too short |	2501008
                 % of reads unmapped: too short |	7.52%
                Number of reads unmapped: other |	711
                     % of reads unmapped: other |	0.00%
                                  CHIMERIC READS:
                       Number of chimeric reads |	0
                            % of chimeric reads |	0.00%
