                                 Started job on |	Jun 16 16:34:40
                             Started mapping on |	Jun 16 16:34:54
                                    Finished on |	Jun 16 16:47:13
       Mapping speed, Million of reads per hour |	208.72

                          Number of input reads |	42845906
                      Average input read length |	266
                                    UNIQUE READS:
                   Uniquely mapped reads number |	35829282
                        Uniquely mapped reads % |	83.62%
                          Average mapped length |	264.72
                       Number of splices: Total |	7376927
            Number of splices: Annotated (sjdb) |	6389158
                       Number of splices: GT/AG |	6878824
                       Number of splices: GC/AG |	287863
                       Number of splices: AT/AC |	170611
               Number of splices: Non-canonical |	39629
                      Mismatch rate per base, % |	0.50%
                         Deletion rate per base |	0.02%
                        Deletion average length |	1.71
                        Insertion rate per base |	0.01%
                       Insertion average length |	1.74
                             MULTI-MAPPING READS:
        Number of reads mapped to multiple loci |	4538465
             % of reads mapped to multiple loci |	10.59%
        Number of reads mapped to too many loci |	4937
             % of reads mapped to too many loci |	0.01%
                                  UNMAPPED READS:
  Number of reads unmapped: too many mismatches |	0
       % of reads unmapped: too many mismatches |	0.00%
            Number of reads unmapped: too short |	2471258
                 % of reads unmapped: too short |	5.77%
                Number of reads unmapped: other |	1964
                     % of reads unmapped: other |	0.00%
                                  CHIMERIC READS:
                       Number of chimeric reads |	0
                            % of chimeric reads |	0.00%
