                                 Started job on |	Jun 11 13:53:54
                             Started mapping on |	Jun 11 13:54:10
                                    Finished on |	Jun 11 14:11:22
       Mapping speed, Million of reads per hour |	119.27

                          Number of input reads |	34190110
                      Average input read length |	266
                                    UNIQUE READS:
                   Uniquely mapped reads number |	29316378
                        Uniquely mapped reads % |	85.75%
                          Average mapped length |	265.24
                       Number of splices: Total |	11437881
            Number of splices: Annotated (sjdb) |	9900043
                       Number of splices: GT/AG |	11002236
                       Number of splices: GC/AG |	236328
                       Number of splices: AT/AC |	133873
               Number of splices: Non-canonical |	65444
                      Mismatch rate per base, % |	0.57%
                         Deletion rate per base |	0.03%
                        Deletion average length |	1.91
                        Insertion rate per base |	0.02%
                       Insertion average length |	2.08
                             MULTI-MAPPING READS:
        Number of reads mapped to multiple loci |	2954032
             % of reads mapped to multiple loci |	8.64%
        Number of reads mapped to too many loci |	3079
             % of reads mapped to too many loci |	0.01%
                                  UNMAPPED READS:
  Number of reads unmapped: too many mismatches |	0
       % of reads unmapped: too many mismatches |	0.00%
            Number of reads unmapped: too short |	1914788
                 % of reads unmapped: too short |	5.60%
                Number of reads unmapped: other |	1833
                     % of reads unmapped: other |	0.01%
                                  CHIMERIC READS:
                       Number of chimeric reads |	0
                            % of chimeric reads |	0.00%
