                                 Started job on |	Jun 16 16:37:59
                             Started mapping on |	Jun 16 16:38:10
                                    Finished on |	Jun 16 16:49:49
       Mapping speed, Million of reads per hour |	126.56

                          Number of input reads |	24573407
                      Average input read length |	267
                                    UNIQUE READS:
                   Uniquely mapped reads number |	21290014
                        Uniquely mapped reads % |	86.64%
                          Average mapped length |	266.05
                       Number of splices: Total |	8706359
            Number of splices: Annotated (sjdb) |	7550409
                       Number of splices: GT/AG |	8413252
                       Number of splices: GC/AG |	156762
                       Number of splices: AT/AC |	96197
               Number of splices: Non-canonical |	40148
                      Mismatch rate per base, % |	0.57%
                         Deletion rate per base |	0.04%
                        Deletion average length |	2.00
                        Insertion rate per base |	0.02%
                       Insertion average length |	2.20
                             MULTI-MAPPING READS:
        Number of reads mapped to multiple loci |	1993277
             % of reads mapped to multiple loci |	8.11%
        Number of reads mapped to too many loci |	3462
             % of reads mapped to too many loci |	0.01%
                                  UNMAPPED READS:
  Number of reads unmapped: too many mismatches |	0
       % of reads unmapped: too many mismatches |	0.00%
            Number of reads unmapped: too short |	1285627
                 % of reads unmapped: too short |	5.23%
                Number of reads unmapped: other |	1027
                     % of reads unmapped: other |	0.00%
                                  CHIMERIC READS:
                       Number of chimeric reads |	0
                            % of chimeric reads |	0.00%
