                                 Started job on |	Jun 16 16:36:11
                             Started mapping on |	Jun 16 16:36:23
                                    Finished on |	Jun 16 16:54:46
       Mapping speed, Million of reads per hour |	141.89

                          Number of input reads |	43472242
                      Average input read length |	271
                                    UNIQUE READS:
                   Uniquely mapped reads number |	38057232
                        Uniquely mapped reads % |	87.54%
                          Average mapped length |	270.63
                       Number of splices: Total |	20632709
            Number of splices: Annotated (sjdb) |	17958779
                       Number of splices: GT/AG |	20126693
                       Number of splices: GC/AG |	276992
                       Number of splices: AT/AC |	95083
               Number of splices: Non-canonical |	133941
                      Mismatch rate per base, % |	0.55%
                         Deletion rate per base |	0.04%
                        Deletion average length |	2.04
                        Insertion rate per base |	0.02%
                       Insertion average length |	2.54
                             MULTI-MAPPING READS:
        Number of reads mapped to multiple loci |	3107002
             % of reads mapped to multiple loci |	7.15%
        Number of reads mapped to too many loci |	2782
             % of reads mapped to too many loci |	0.01%
                                  UNMAPPED READS:
  Number of reads unmapped: too many mismatches |	0
       % of reads unmapped: too many mismatches |	0.00%
            Number of reads unmapped: too short |	2304100
                 % of reads unmapped: too short |	5.30%
                Number of reads unmapped: other |	1126
                     % of reads unmapped: other |	0.00%
                                  CHIMERIC READS:
                       Number of chimeric reads |	0
                            % of chimeric reads |	0.00%
