                                 Started job on |	Jun 16 16:34:39
                             Started mapping on |	Jun 16 16:34:54
                                    Finished on |	Jun 16 16:44:05
       Mapping speed, Million of reads per hour |	219.28

                          Number of input reads |	33562216
                      Average input read length |	148
                                    UNIQUE READS:
                   Uniquely mapped reads number |	27535727
                        Uniquely mapped reads % |	82.04%
                          Average mapped length |	146.63
                       Number of splices: Total |	10630239
            Number of splices: Annotated (sjdb) |	9597676
                       Number of splices: GT/AG |	10467667
                       Number of splices: GC/AG |	111565
                       Number of splices: AT/AC |	12896
               Number of splices: Non-canonical |	38111
                      Mismatch rate per base, % |	0.68%
                         Deletion rate per base |	0.03%
                        Deletion average length |	2.12
                        Insertion rate per base |	0.02%
                       Insertion average length |	1.86
                             MULTI-MAPPING READS:
        Number of reads mapped to multiple loci |	2098403
             % of reads mapped to multiple loci |	6.25%
        Number of reads mapped to too many loci |	12241
             % of reads mapped to too many loci |	0.04%
                                  UNMAPPED READS:
  Number of reads unmapped: too many mismatches |	0
       % of reads unmapped: too many mismatches |	0.00%
            Number of reads unmapped: too short |	3914825
                 % of reads unmapped: too short |	11.66%
                Number of reads unmapped: other |	1020
                     % of reads unmapped: other |	0.00%
                                  CHIMERIC READS:
                       Number of chimeric reads |	0
                            % of chimeric reads |	0.00%
