                                 Started job on |	Jun 16 16:37:50
                             Started mapping on |	Jun 16 16:37:58
                                    Finished on |	Jun 16 17:02:46
       Mapping speed, Million of reads per hour |	148.69

                          Number of input reads |	61456783
                      Average input read length |	271
                                    UNIQUE READS:
                   Uniquely mapped reads number |	51244103
                        Uniquely mapped reads % |	83.38%
                          Average mapped length |	270.43
                       Number of splices: Total |	37991675
            Number of splices: Annotated (sjdb) |	33539154
                       Number of splices: GT/AG |	37296481
                       Number of splices: GC/AG |	417309
                       Number of splices: AT/AC |	149669
               Number of splices: Non-canonical |	128216
                      Mismatch rate per base, % |	0.56%
                         Deletion rate per base |	0.04%
                        Deletion average length |	1.87
                        Insertion rate per base |	0.02%
                       Insertion average length |	2.37
                             MULTI-MAPPING READS:
        Number of reads mapped to multiple loci |	3486324
             % of reads mapped to multiple loci |	5.67%
        Number of reads mapped to too many loci |	5049
             % of reads mapped to too many loci |	0.01%
                                  UNMAPPED READS:
  Number of reads unmapped: too many mismatches |	0
       % of reads unmapped: too many mismatches |	0.00%
            Number of reads unmapped: too short |	6716845
                 % of reads unmapped: too short |	10.93%
                Number of reads unmapped: other |	4462
                     % of reads unmapped: other |	0.01%
                                  CHIMERIC READS:
                       Number of chimeric reads |	0
                            % of chimeric reads |	0.00%
