                                 Started job on |	Jun 11 14:00:42
                             Started mapping on |	Jun 11 14:00:55
                                    Finished on |	Jun 11 14:21:18
       Mapping speed, Million of reads per hour |	123.50

                          Number of input reads |	41956555
                      Average input read length |	269
                                    UNIQUE READS:
                   Uniquely mapped reads number |	36385631
                        Uniquely mapped reads % |	86.72%
                          Average mapped length |	268.02
                       Number of splices: Total |	16389133
            Number of splices: Annotated (sjdb) |	14213272
                       Number of splices: GT/AG |	15879581
                       Number of splices: GC/AG |	285890
                       Number of splices: AT/AC |	149405
               Number of splices: Non-canonical |	74257
                      Mismatch rate per base, % |	0.57%
                         Deletion rate per base |	0.03%
                        Deletion average length |	1.95
                        Insertion rate per base |	0.02%
                       Insertion average length |	2.23
                             MULTI-MAPPING READS:
        Number of reads mapped to multiple loci |	3330264
             % of reads mapped to multiple loci |	7.94%
        Number of reads mapped to too many loci |	3334
             % of reads mapped to too many loci |	0.01%
                                  UNMAPPED READS:
  Number of reads unmapped: too many mismatches |	0
       % of reads unmapped: too many mismatches |	0.00%
            Number of reads unmapped: too short |	2234104
                 % of reads unmapped: too short |	5.32%
                Number of reads unmapped: other |	3222
                     % of reads unmapped: other |	0.01%
                                  CHIMERIC READS:
                       Number of chimeric reads |	0
                            % of chimeric reads |	0.00%
