                                 Started job on |	Jun 11 13:53:16
                             Started mapping on |	Jun 11 13:53:34
                                    Finished on |	Jun 11 14:10:27
       Mapping speed, Million of reads per hour |	118.67

                          Number of input reads |	33391152
                      Average input read length |	268
                                    UNIQUE READS:
                   Uniquely mapped reads number |	29037864
                        Uniquely mapped reads % |	86.96%
                          Average mapped length |	267.69
                       Number of splices: Total |	14723147
            Number of splices: Annotated (sjdb) |	12754264
                       Number of splices: GT/AG |	14324936
                       Number of splices: GC/AG |	228421
                       Number of splices: AT/AC |	97098
               Number of splices: Non-canonical |	72692
                      Mismatch rate per base, % |	0.58%
                         Deletion rate per base |	0.04%
                        Deletion average length |	2.07
                        Insertion rate per base |	0.02%
                       Insertion average length |	2.31
                             MULTI-MAPPING READS:
        Number of reads mapped to multiple loci |	2505679
             % of reads mapped to multiple loci |	7.50%
        Number of reads mapped to too many loci |	2471
             % of reads mapped to too many loci |	0.01%
                                  UNMAPPED READS:
  Number of reads unmapped: too many mismatches |	0
       % of reads unmapped: too many mismatches |	0.00%
            Number of reads unmapped: too short |	1843165
                 % of reads unmapped: too short |	5.52%
                Number of reads unmapped: other |	1973
                     % of reads unmapped: other |	0.01%
                                  CHIMERIC READS:
                       Number of chimeric reads |	0
                            % of chimeric reads |	0.00%
