                                 Started job on |	Jun 16 16:41:23
                             Started mapping on |	Jun 16 16:41:49
                                    Finished on |	Jun 16 17:06:02
       Mapping speed, Million of reads per hour |	122.49

                          Number of input reads |	49439438
                      Average input read length |	268
                                    UNIQUE READS:
                   Uniquely mapped reads number |	40728780
                        Uniquely mapped reads % |	82.38%
                          Average mapped length |	268.95
                       Number of splices: Total |	15091096
            Number of splices: Annotated (sjdb) |	13084092
                       Number of splices: GT/AG |	14387416
                       Number of splices: GC/AG |	374482
                       Number of splices: AT/AC |	228775
               Number of splices: Non-canonical |	100423
                      Mismatch rate per base, % |	0.52%
                         Deletion rate per base |	0.03%
                        Deletion average length |	1.73
                        Insertion rate per base |	0.02%
                       Insertion average length |	2.12
                             MULTI-MAPPING READS:
        Number of reads mapped to multiple loci |	4107671
             % of reads mapped to multiple loci |	8.31%
        Number of reads mapped to too many loci |	4228
             % of reads mapped to too many loci |	0.01%
                                  UNMAPPED READS:
  Number of reads unmapped: too many mismatches |	0
       % of reads unmapped: too many mismatches |	0.00%
            Number of reads unmapped: too short |	4594827
                 % of reads unmapped: too short |	9.29%
                Number of reads unmapped: other |	3932
                     % of reads unmapped: other |	0.01%
                                  CHIMERIC READS:
                       Number of chimeric reads |	0
                            % of chimeric reads |	0.00%
