                                 Started job on |	Jun 16 16:36:27
                             Started mapping on |	Jun 16 16:36:47
                                    Finished on |	Jun 16 16:51:39
       Mapping speed, Million of reads per hour |	128.23

                          Number of input reads |	31772846
                      Average input read length |	272
                                    UNIQUE READS:
                   Uniquely mapped reads number |	26868016
                        Uniquely mapped reads % |	84.56%
                          Average mapped length |	271.34
                       Number of splices: Total |	12963874
            Number of splices: Annotated (sjdb) |	11321712
                       Number of splices: GT/AG |	12636680
                       Number of splices: GC/AG |	172501
                       Number of splices: AT/AC |	68343
               Number of splices: Non-canonical |	86350
                      Mismatch rate per base, % |	0.53%
                         Deletion rate per base |	0.03%
                        Deletion average length |	1.90
                        Insertion rate per base |	0.02%
                       Insertion average length |	2.44
                             MULTI-MAPPING READS:
        Number of reads mapped to multiple loci |	2612839
             % of reads mapped to multiple loci |	8.22%
        Number of reads mapped to too many loci |	1864
             % of reads mapped to too many loci |	0.01%
                                  UNMAPPED READS:
  Number of reads unmapped: too many mismatches |	0
       % of reads unmapped: too many mismatches |	0.00%
            Number of reads unmapped: too short |	2289252
                 % of reads unmapped: too short |	7.21%
                Number of reads unmapped: other |	875
                     % of reads unmapped: other |	0.00%
                                  CHIMERIC READS:
                       Number of chimeric reads |	0
                            % of chimeric reads |	0.00%
