                                 Started job on |	Jun 11 14:02:36
                             Started mapping on |	Jun 11 14:02:48
                                    Finished on |	Jun 11 14:37:24
       Mapping speed, Million of reads per hour |	99.72

                          Number of input reads |	57505290
                      Average input read length |	269
                                    UNIQUE READS:
                   Uniquely mapped reads number |	48181381
                        Uniquely mapped reads % |	83.79%
                          Average mapped length |	269.53
                       Number of splices: Total |	28944704
            Number of splices: Annotated (sjdb) |	25199378
                       Number of splices: GT/AG |	28254673
                       Number of splices: GC/AG |	352140
                       Number of splices: AT/AC |	94994
               Number of splices: Non-canonical |	242897
                      Mismatch rate per base, % |	0.58%
                         Deletion rate per base |	0.04%
                        Deletion average length |	2.00
                        Insertion rate per base |	0.02%
                       Insertion average length |	2.55
                             MULTI-MAPPING READS:
        Number of reads mapped to multiple loci |	4121486
             % of reads mapped to multiple loci |	7.17%
        Number of reads mapped to too many loci |	5141
             % of reads mapped to too many loci |	0.01%
                                  UNMAPPED READS:
  Number of reads unmapped: too many mismatches |	0
       % of reads unmapped: too many mismatches |	0.00%
            Number of reads unmapped: too short |	5191975
                 % of reads unmapped: too short |	9.03%
                Number of reads unmapped: other |	5307
                     % of reads unmapped: other |	0.01%
                                  CHIMERIC READS:
                       Number of chimeric reads |	0
                            % of chimeric reads |	0.00%
