                                 Started job on |	Jun 16 16:36:28
                             Started mapping on |	Jun 16 16:36:47
                                    Finished on |	Jun 16 16:50:03
       Mapping speed, Million of reads per hour |	85.16

                          Number of input reads |	18829833
                      Average input read length |	272
                                    UNIQUE READS:
                   Uniquely mapped reads number |	15892444
                        Uniquely mapped reads % |	84.40%
                          Average mapped length |	271.36
                       Number of splices: Total |	6879433
            Number of splices: Annotated (sjdb) |	5985941
                       Number of splices: GT/AG |	6667069
                       Number of splices: GC/AG |	99342
                       Number of splices: AT/AC |	61555
               Number of splices: Non-canonical |	51467
                      Mismatch rate per base, % |	0.52%
                         Deletion rate per base |	0.03%
                        Deletion average length |	1.84
                        Insertion rate per base |	0.02%
                       Insertion average length |	2.42
                             MULTI-MAPPING READS:
        Number of reads mapped to multiple loci |	1706698
             % of reads mapped to multiple loci |	9.06%
        Number of reads mapped to too many loci |	1468
             % of reads mapped to too many loci |	0.01%
                                  UNMAPPED READS:
  Number of reads unmapped: too many mismatches |	0
       % of reads unmapped: too many mismatches |	0.00%
            Number of reads unmapped: too short |	1228694
                 % of reads unmapped: too short |	6.53%
                Number of reads unmapped: other |	529
                     % of reads unmapped: other |	0.00%
                                  CHIMERIC READS:
                       Number of chimeric reads |	0
                            % of chimeric reads |	0.00%
