                                 Started job on |	Jun 16 16:38:00
                             Started mapping on |	Jun 16 16:38:20
                                    Finished on |	Jun 16 16:51:57
       Mapping speed, Million of reads per hour |	134.24

                          Number of input reads |	30465349
                      Average input read length |	269
                                    UNIQUE READS:
                   Uniquely mapped reads number |	26213390
                        Uniquely mapped reads % |	86.04%
                          Average mapped length |	268.07
                       Number of splices: Total |	13027381
            Number of splices: Annotated (sjdb) |	11322556
                       Number of splices: GT/AG |	12673505
                       Number of splices: GC/AG |	211315
                       Number of splices: AT/AC |	74969
               Number of splices: Non-canonical |	67592
                      Mismatch rate per base, % |	0.58%
                         Deletion rate per base |	0.04%
                        Deletion average length |	1.96
                        Insertion rate per base |	0.02%
                       Insertion average length |	2.37
                             MULTI-MAPPING READS:
        Number of reads mapped to multiple loci |	2520479
             % of reads mapped to multiple loci |	8.27%
        Number of reads mapped to too many loci |	2285
             % of reads mapped to too many loci |	0.01%
                                  UNMAPPED READS:
  Number of reads unmapped: too many mismatches |	0
       % of reads unmapped: too many mismatches |	0.00%
            Number of reads unmapped: too short |	1727794
                 % of reads unmapped: too short |	5.67%
                Number of reads unmapped: other |	1401
                     % of reads unmapped: other |	0.00%
                                  CHIMERIC READS:
                       Number of chimeric reads |	0
                            % of chimeric reads |	0.00%
