                                 Started job on |	Jun 11 14:01:41
                             Started mapping on |	Jun 11 14:01:52
                                    Finished on |	Jun 11 14:24:17
       Mapping speed, Million of reads per hour |	112.68

                          Number of input reads |	42098294
                      Average input read length |	267
                                    UNIQUE READS:
                   Uniquely mapped reads number |	34315615
                        Uniquely mapped reads % |	81.51%
                          Average mapped length |	267.61
                       Number of splices: Total |	18704959
            Number of splices: Annotated (sjdb) |	16189797
                       Number of splices: GT/AG |	18148677
                       Number of splices: GC/AG |	335029
                       Number of splices: AT/AC |	104588
               Number of splices: Non-canonical |	116665
                      Mismatch rate per base, % |	0.61%
                         Deletion rate per base |	0.04%
                        Deletion average length |	2.09
                        Insertion rate per base |	0.03%
                       Insertion average length |	2.49
                             MULTI-MAPPING READS:
        Number of reads mapped to multiple loci |	4357838
             % of reads mapped to multiple loci |	10.35%
        Number of reads mapped to too many loci |	5415
             % of reads mapped to too many loci |	0.01%
                                  UNMAPPED READS:
  Number of reads unmapped: too many mismatches |	0
       % of reads unmapped: too many mismatches |	0.00%
            Number of reads unmapped: too short |	3417751
                 % of reads unmapped: too short |	8.12%
                Number of reads unmapped: other |	1675
                     % of reads unmapped: other |	0.00%
                                  CHIMERIC READS:
                       Number of chimeric reads |	0
                            % of chimeric reads |	0.00%
