                                 Started job on |	Jun 16 16:34:34
                             Started mapping on |	Jun 16 16:34:54
                                    Finished on |	Jun 16 16:47:57
       Mapping speed, Million of reads per hour |	123.02

                          Number of input reads |	26756928
                      Average input read length |	268
                                    UNIQUE READS:
                   Uniquely mapped reads number |	23107780
                        Uniquely mapped reads % |	86.36%
                          Average mapped length |	266.92
                       Number of splices: Total |	12079715
            Number of splices: Annotated (sjdb) |	10461380
                       Number of splices: GT/AG |	11764030
                       Number of splices: GC/AG |	173517
                       Number of splices: AT/AC |	88388
               Number of splices: Non-canonical |	53780
                      Mismatch rate per base, % |	0.60%
                         Deletion rate per base |	0.04%
                        Deletion average length |	2.03
                        Insertion rate per base |	0.02%
                       Insertion average length |	2.29
                             MULTI-MAPPING READS:
        Number of reads mapped to multiple loci |	2044553
             % of reads mapped to multiple loci |	7.64%
        Number of reads mapped to too many loci |	2094
             % of reads mapped to too many loci |	0.01%
                                  UNMAPPED READS:
  Number of reads unmapped: too many mismatches |	0
       % of reads unmapped: too many mismatches |	0.00%
            Number of reads unmapped: too short |	1600900
                 % of reads unmapped: too short |	5.98%
                Number of reads unmapped: other |	1601
                     % of reads unmapped: other |	0.01%
                                  CHIMERIC READS:
                       Number of chimeric reads |	0
                            % of chimeric reads |	0.00%
