                                 Started job on |	Jun 11 14:00:48
                             Started mapping on |	Jun 11 14:01:03
                                    Finished on |	Jun 11 14:34:52
       Mapping speed, Million of reads per hour |	78.22

                          Number of input reads |	44083349
                      Average input read length |	269
                                    UNIQUE READS:
                   Uniquely mapped reads number |	36960301
                        Uniquely mapped reads % |	83.84%
                          Average mapped length |	267.67
                       Number of splices: Total |	24154237
            Number of splices: Annotated (sjdb) |	20982735
                       Number of splices: GT/AG |	23641345
                       Number of splices: GC/AG |	307267
                       Number of splices: AT/AC |	86253
               Number of splices: Non-canonical |	119372
                      Mismatch rate per base, % |	0.69%
                         Deletion rate per base |	0.05%
                        Deletion average length |	2.13
                        Insertion rate per base |	0.04%
                       Insertion average length |	2.60
                             MULTI-MAPPING READS:
        Number of reads mapped to multiple loci |	3127358
             % of reads mapped to multiple loci |	7.09%
        Number of reads mapped to too many loci |	4792
             % of reads mapped to too many loci |	0.01%
                                  UNMAPPED READS:
  Number of reads unmapped: too many mismatches |	0
       % of reads unmapped: too many mismatches |	0.00%
            Number of reads unmapped: too short |	3988489
                 % of reads unmapped: too short |	9.05%
                Number of reads unmapped: other |	2409
                     % of reads unmapped: other |	0.01%
                                  CHIMERIC READS:
                       Number of chimeric reads |	0
                            % of chimeric reads |	0.00%
