                                 Started job on |	Jun 11 14:01:00
                             Started mapping on |	Jun 11 14:01:11
                                    Finished on |	Jun 11 14:14:10
       Mapping speed, Million of reads per hour |	151.24

                          Number of input reads |	32727537
                      Average input read length |	253
                                    UNIQUE READS:
                   Uniquely mapped reads number |	27585385
                        Uniquely mapped reads % |	84.29%
                          Average mapped length |	252.99
                       Number of splices: Total |	3172014
            Number of splices: Annotated (sjdb) |	2795165
                       Number of splices: GT/AG |	2839261
                       Number of splices: GC/AG |	199333
                       Number of splices: AT/AC |	114656
               Number of splices: Non-canonical |	18764
                      Mismatch rate per base, % |	0.48%
                         Deletion rate per base |	0.02%
                        Deletion average length |	1.44
                        Insertion rate per base |	0.01%
                       Insertion average length |	1.56
                             MULTI-MAPPING READS:
        Number of reads mapped to multiple loci |	3481535
             % of reads mapped to multiple loci |	10.64%
        Number of reads mapped to too many loci |	2559
             % of reads mapped to too many loci |	0.01%
                                  UNMAPPED READS:
  Number of reads unmapped: too many mismatches |	0
       % of reads unmapped: too many mismatches |	0.00%
            Number of reads unmapped: too short |	1657518
                 % of reads unmapped: too short |	5.06%
                Number of reads unmapped: other |	540
                     % of reads unmapped: other |	0.00%
                                  CHIMERIC READS:
                       Number of chimeric reads |	0
                            % of chimeric reads |	0.00%
