                                 Started job on |	Jun 11 14:05:33
                             Started mapping on |	Jun 11 14:05:48
                                    Finished on |	Jun 11 14:19:43
       Mapping speed, Million of reads per hour |	133.11

                          Number of input reads |	30874500
                      Average input read length |	269
                                    UNIQUE READS:
                   Uniquely mapped reads number |	26712642
                        Uniquely mapped reads % |	86.52%
                          Average mapped length |	268.64
                       Number of splices: Total |	12180463
            Number of splices: Annotated (sjdb) |	10595268
                       Number of splices: GT/AG |	11804302
                       Number of splices: GC/AG |	195345
                       Number of splices: AT/AC |	115863
               Number of splices: Non-canonical |	64953
                      Mismatch rate per base, % |	0.54%
                         Deletion rate per base |	0.03%
                        Deletion average length |	1.91
                        Insertion rate per base |	0.02%
                       Insertion average length |	2.30
                             MULTI-MAPPING READS:
        Number of reads mapped to multiple loci |	2644294
             % of reads mapped to multiple loci |	8.56%
        Number of reads mapped to too many loci |	2158
             % of reads mapped to too many loci |	0.01%
                                  UNMAPPED READS:
  Number of reads unmapped: too many mismatches |	0
       % of reads unmapped: too many mismatches |	0.00%
            Number of reads unmapped: too short |	1513865
                 % of reads unmapped: too short |	4.90%
                Number of reads unmapped: other |	1541
                     % of reads unmapped: other |	0.00%
                                  CHIMERIC READS:
                       Number of chimeric reads |	0
                            % of chimeric reads |	0.00%
