                                 Started job on |	Jun 11 13:55:56
                             Started mapping on |	Jun 11 13:56:10
                                    Finished on |	Jun 11 15:26:43
       Mapping speed, Million of reads per hour |	45.92

                          Number of input reads |	69300503
                      Average input read length |	270
                                    UNIQUE READS:
                   Uniquely mapped reads number |	57454944
                        Uniquely mapped reads % |	82.91%
                          Average mapped length |	270.26
                       Number of splices: Total |	41879141
            Number of splices: Annotated (sjdb) |	36350423
                       Number of splices: GT/AG |	41065800
                       Number of splices: GC/AG |	493540
                       Number of splices: AT/AC |	166317
               Number of splices: Non-canonical |	153484
                      Mismatch rate per base, % |	0.57%
                         Deletion rate per base |	0.04%
                        Deletion average length |	1.87
                        Insertion rate per base |	0.02%
                       Insertion average length |	2.52
                             MULTI-MAPPING READS:
        Number of reads mapped to multiple loci |	4371736
             % of reads mapped to multiple loci |	6.31%
        Number of reads mapped to too many loci |	4830
             % of reads mapped to too many loci |	0.01%
                                  UNMAPPED READS:
  Number of reads unmapped: too many mismatches |	0
       % of reads unmapped: too many mismatches |	0.00%
            Number of reads unmapped: too short |	7454430
                 % of reads unmapped: too short |	10.76%
                Number of reads unmapped: other |	14563
                     % of reads unmapped: other |	0.02%
                                  CHIMERIC READS:
                       Number of chimeric reads |	0
                            % of chimeric reads |	0.00%
