                                 Started job on |	Jun 11 13:53:13
                             Started mapping on |	Jun 11 13:53:25
                                    Finished on |	Jun 11 13:59:35
       Mapping speed, Million of reads per hour |	292.04

                          Number of input reads |	30015100
                      Average input read length |	148
                                    UNIQUE READS:
                   Uniquely mapped reads number |	23904286
                        Uniquely mapped reads % |	79.64%
                          Average mapped length |	148.18
                       Number of splices: Total |	5927881
            Number of splices: Annotated (sjdb) |	5316378
                       Number of splices: GT/AG |	5793466
                       Number of splices: GC/AG |	81318
                       Number of splices: AT/AC |	20981
               Number of splices: Non-canonical |	32116
                      Mismatch rate per base, % |	0.39%
                         Deletion rate per base |	0.01%
                        Deletion average length |	2.04
                        Insertion rate per base |	0.01%
                       Insertion average length |	1.82
                             MULTI-MAPPING READS:
        Number of reads mapped to multiple loci |	4504080
             % of reads mapped to multiple loci |	15.01%
        Number of reads mapped to too many loci |	12532
             % of reads mapped to too many loci |	0.04%
                                  UNMAPPED READS:
  Number of reads unmapped: too many mismatches |	0
       % of reads unmapped: too many mismatches |	0.00%
            Number of reads unmapped: too short |	1593312
                 % of reads unmapped: too short |	5.31%
                Number of reads unmapped: other |	890
                     % of reads unmapped: other |	0.00%
                                  CHIMERIC READS:
                       Number of chimeric reads |	0
                            % of chimeric reads |	0.00%
