                                 Started job on |	Jun 16 16:34:38
                             Started mapping on |	Jun 16 16:34:59
                                    Finished on |	Jun 16 16:50:31
       Mapping speed, Million of reads per hour |	134.85

                          Number of input reads |	34911987
                      Average input read length |	267
                                    UNIQUE READS:
                   Uniquely mapped reads number |	30265974
                        Uniquely mapped reads % |	86.69%
                          Average mapped length |	266.23
                       Number of splices: Total |	16055215
            Number of splices: Annotated (sjdb) |	13889887
                       Number of splices: GT/AG |	15647460
                       Number of splices: GC/AG |	235328
                       Number of splices: AT/AC |	85671
               Number of splices: Non-canonical |	86756
                      Mismatch rate per base, % |	0.62%
                         Deletion rate per base |	0.04%
                        Deletion average length |	2.15
                        Insertion rate per base |	0.03%
                       Insertion average length |	2.39
                             MULTI-MAPPING READS:
        Number of reads mapped to multiple loci |	2705547
             % of reads mapped to multiple loci |	7.75%
        Number of reads mapped to too many loci |	4938
             % of reads mapped to too many loci |	0.01%
                                  UNMAPPED READS:
  Number of reads unmapped: too many mismatches |	0
       % of reads unmapped: too many mismatches |	0.00%
            Number of reads unmapped: too short |	1933577
                 % of reads unmapped: too short |	5.54%
                Number of reads unmapped: other |	1951
                     % of reads unmapped: other |	0.01%
                                  CHIMERIC READS:
                       Number of chimeric reads |	0
                            % of chimeric reads |	0.00%
