                                 Started job on |	Jun 11 14:05:42
                             Started mapping on |	Jun 11 14:05:57
                                    Finished on |	Jun 11 14:34:49
       Mapping speed, Million of reads per hour |	95.70

                          Number of input reads |	46044428
                      Average input read length |	272
                                    UNIQUE READS:
                   Uniquely mapped reads number |	38669982
                        Uniquely mapped reads % |	83.98%
                          Average mapped length |	271.45
                       Number of splices: Total |	15358442
            Number of splices: Annotated (sjdb) |	13429695
                       Number of splices: GT/AG |	14832048
                       Number of splices: GC/AG |	273743
                       Number of splices: AT/AC |	186995
               Number of splices: Non-canonical |	65656
                      Mismatch rate per base, % |	0.47%
                         Deletion rate per base |	0.03%
                        Deletion average length |	1.94
                        Insertion rate per base |	0.02%
                       Insertion average length |	2.23
                             MULTI-MAPPING READS:
        Number of reads mapped to multiple loci |	4276204
             % of reads mapped to multiple loci |	9.29%
        Number of reads mapped to too many loci |	2714
             % of reads mapped to too many loci |	0.01%
                                  UNMAPPED READS:
  Number of reads unmapped: too many mismatches |	0
       % of reads unmapped: too many mismatches |	0.00%
            Number of reads unmapped: too short |	3094120
                 % of reads unmapped: too short |	6.72%
                Number of reads unmapped: other |	1408
                     % of reads unmapped: other |	0.00%
                                  CHIMERIC READS:
                       Number of chimeric reads |	0
                            % of chimeric reads |	0.00%
