                                 Started job on |	Jun 11 13:51:00
                             Started mapping on |	Jun 11 13:51:16
                                    Finished on |	Jun 11 14:06:33
       Mapping speed, Million of reads per hour |	108.36

                          Number of input reads |	27600718
                      Average input read length |	270
                                    UNIQUE READS:
                   Uniquely mapped reads number |	23372741
                        Uniquely mapped reads % |	84.68%
                          Average mapped length |	269.11
                       Number of splices: Total |	10327872
            Number of splices: Annotated (sjdb) |	8945746
                       Number of splices: GT/AG |	10028706
                       Number of splices: GC/AG |	179152
                       Number of splices: AT/AC |	68340
               Number of splices: Non-canonical |	51674
                      Mismatch rate per base, % |	0.56%
                         Deletion rate per base |	0.04%
                        Deletion average length |	1.94
                        Insertion rate per base |	0.02%
                       Insertion average length |	2.24
                             MULTI-MAPPING READS:
        Number of reads mapped to multiple loci |	2065522
             % of reads mapped to multiple loci |	7.48%
        Number of reads mapped to too many loci |	1757
             % of reads mapped to too many loci |	0.01%
                                  UNMAPPED READS:
  Number of reads unmapped: too many mismatches |	0
       % of reads unmapped: too many mismatches |	0.00%
            Number of reads unmapped: too short |	2159360
                 % of reads unmapped: too short |	7.82%
                Number of reads unmapped: other |	1338
                     % of reads unmapped: other |	0.00%
                                  CHIMERIC READS:
                       Number of chimeric reads |	0
                            % of chimeric reads |	0.00%
