                                 Started job on |	Jun 16 16:34:36
                             Started mapping on |	Jun 16 16:34:54
                                    Finished on |	Jun 16 16:50:03
       Mapping speed, Million of reads per hour |	123.89

                          Number of input reads |	31283015
                      Average input read length |	268
                                    UNIQUE READS:
                   Uniquely mapped reads number |	27111329
                        Uniquely mapped reads % |	86.66%
                          Average mapped length |	267.27
                       Number of splices: Total |	13871931
            Number of splices: Annotated (sjdb) |	11982985
                       Number of splices: GT/AG |	13500332
                       Number of splices: GC/AG |	205874
                       Number of splices: AT/AC |	101923
               Number of splices: Non-canonical |	63802
                      Mismatch rate per base, % |	0.61%
                         Deletion rate per base |	0.04%
                        Deletion average length |	2.07
                        Insertion rate per base |	0.02%
                       Insertion average length |	2.26
                             MULTI-MAPPING READS:
        Number of reads mapped to multiple loci |	2291253
             % of reads mapped to multiple loci |	7.32%
        Number of reads mapped to too many loci |	2539
             % of reads mapped to too many loci |	0.01%
                                  UNMAPPED READS:
  Number of reads unmapped: too many mismatches |	0
       % of reads unmapped: too many mismatches |	0.00%
            Number of reads unmapped: too short |	1876034
                 % of reads unmapped: too short |	6.00%
                Number of reads unmapped: other |	1860
                     % of reads unmapped: other |	0.01%
                                  CHIMERIC READS:
                       Number of chimeric reads |	0
                            % of chimeric reads |	0.00%
