                                 Started job on |	Jun 16 16:37:46
                             Started mapping on |	Jun 16 16:37:57
                                    Finished on |	Jun 16 16:59:52
       Mapping speed, Million of reads per hour |	152.16

                          Number of input reads |	55581256
                      Average input read length |	271
                                    UNIQUE READS:
                   Uniquely mapped reads number |	47190001
                        Uniquely mapped reads % |	84.90%
                          Average mapped length |	270.28
                       Number of splices: Total |	19598537
            Number of splices: Annotated (sjdb) |	17164309
                       Number of splices: GT/AG |	18995603
                       Number of splices: GC/AG |	344527
                       Number of splices: AT/AC |	157856
               Number of splices: Non-canonical |	100551
                      Mismatch rate per base, % |	0.51%
                         Deletion rate per base |	0.03%
                        Deletion average length |	1.86
                        Insertion rate per base |	0.02%
                       Insertion average length |	2.24
                             MULTI-MAPPING READS:
        Number of reads mapped to multiple loci |	4955393
             % of reads mapped to multiple loci |	8.92%
        Number of reads mapped to too many loci |	2933
             % of reads mapped to too many loci |	0.01%
                                  UNMAPPED READS:
  Number of reads unmapped: too many mismatches |	0
       % of reads unmapped: too many mismatches |	0.00%
            Number of reads unmapped: too short |	3429376
                 % of reads unmapped: too short |	6.17%
                Number of reads unmapped: other |	3553
                     % of reads unmapped: other |	0.01%
                                  CHIMERIC READS:
                       Number of chimeric reads |	0
                            % of chimeric reads |	0.00%
