                                 Started job on |	Jun 16 16:39:44
                             Started mapping on |	Jun 16 16:39:58
                                    Finished on |	Jun 16 16:54:21
       Mapping speed, Million of reads per hour |	124.70

                          Number of input reads |	29892853
                      Average input read length |	268
                                    UNIQUE READS:
                   Uniquely mapped reads number |	25551142
                        Uniquely mapped reads % |	85.48%
                          Average mapped length |	267.81
                       Number of splices: Total |	11419050
            Number of splices: Annotated (sjdb) |	9978598
                       Number of splices: GT/AG |	11007193
                       Number of splices: GC/AG |	200273
                       Number of splices: AT/AC |	149830
               Number of splices: Non-canonical |	61754
                      Mismatch rate per base, % |	0.54%
                         Deletion rate per base |	0.03%
                        Deletion average length |	1.91
                        Insertion rate per base |	0.02%
                       Insertion average length |	2.22
                             MULTI-MAPPING READS:
        Number of reads mapped to multiple loci |	2604653
             % of reads mapped to multiple loci |	8.71%
        Number of reads mapped to too many loci |	2237
             % of reads mapped to too many loci |	0.01%
                                  UNMAPPED READS:
  Number of reads unmapped: too many mismatches |	0
       % of reads unmapped: too many mismatches |	0.00%
            Number of reads unmapped: too short |	1733084
                 % of reads unmapped: too short |	5.80%
                Number of reads unmapped: other |	1737
                     % of reads unmapped: other |	0.01%
                                  CHIMERIC READS:
                       Number of chimeric reads |	0
                            % of chimeric reads |	0.00%
