                                 Started job on |	Jun 16 16:37:46
                             Started mapping on |	Jun 16 16:37:59
                                    Finished on |	Jun 16 16:52:54
       Mapping speed, Million of reads per hour |	117.86

                          Number of input reads |	29301608
                      Average input read length |	271
                                    UNIQUE READS:
                   Uniquely mapped reads number |	24303110
                        Uniquely mapped reads % |	82.94%
                          Average mapped length |	270.78
                       Number of splices: Total |	10123813
            Number of splices: Annotated (sjdb) |	8853154
                       Number of splices: GT/AG |	9810370
                       Number of splices: GC/AG |	162743
                       Number of splices: AT/AC |	90097
               Number of splices: Non-canonical |	60603
                      Mismatch rate per base, % |	0.55%
                         Deletion rate per base |	0.03%
                        Deletion average length |	1.83
                        Insertion rate per base |	0.02%
                       Insertion average length |	2.31
                             MULTI-MAPPING READS:
        Number of reads mapped to multiple loci |	2466604
             % of reads mapped to multiple loci |	8.42%
        Number of reads mapped to too many loci |	1602
             % of reads mapped to too many loci |	0.01%
                                  UNMAPPED READS:
  Number of reads unmapped: too many mismatches |	0
       % of reads unmapped: too many mismatches |	0.00%
            Number of reads unmapped: too short |	2528596
                 % of reads unmapped: too short |	8.63%
                Number of reads unmapped: other |	1696
                     % of reads unmapped: other |	0.01%
                                  CHIMERIC READS:
                       Number of chimeric reads |	0
                            % of chimeric reads |	0.00%
