                                 Started job on |	Jun 11 14:01:38
                             Started mapping on |	Jun 11 14:01:43
                                    Finished on |	Jun 11 14:11:40
       Mapping speed, Million of reads per hour |	115.68

                          Number of input reads |	19184333
                      Average input read length |	268
                                    UNIQUE READS:
                   Uniquely mapped reads number |	16144950
                        Uniquely mapped reads % |	84.16%
                          Average mapped length |	267.58
                       Number of splices: Total |	10254219
            Number of splices: Annotated (sjdb) |	8954422
                       Number of splices: GT/AG |	10002619
                       Number of splices: GC/AG |	160897
                       Number of splices: AT/AC |	45354
               Number of splices: Non-canonical |	45349
                      Mismatch rate per base, % |	0.66%
                         Deletion rate per base |	0.05%
                        Deletion average length |	2.08
                        Insertion rate per base |	0.03%
                       Insertion average length |	2.50
                             MULTI-MAPPING READS:
        Number of reads mapped to multiple loci |	1706249
             % of reads mapped to multiple loci |	8.89%
        Number of reads mapped to too many loci |	2307
             % of reads mapped to too many loci |	0.01%
                                  UNMAPPED READS:
  Number of reads unmapped: too many mismatches |	0
       % of reads unmapped: too many mismatches |	0.00%
            Number of reads unmapped: too short |	1329975
                 % of reads unmapped: too short |	6.93%
                Number of reads unmapped: other |	852
                     % of reads unmapped: other |	0.00%
                                  CHIMERIC READS:
                       Number of chimeric reads |	0
                            % of chimeric reads |	0.00%
