                                 Started job on |	Jun 11 13:56:09
                             Started mapping on |	Jun 11 13:56:24
                                    Finished on |	Jun 11 15:31:53
       Mapping speed, Million of reads per hour |	112.40

                          Number of input reads |	178866416
                      Average input read length |	264
                                    UNIQUE READS:
                   Uniquely mapped reads number |	156146184
                        Uniquely mapped reads % |	87.30%
                          Average mapped length |	261.70
                       Number of splices: Total |	111752753
            Number of splices: Annotated (sjdb) |	100204234
                       Number of splices: GT/AG |	109755804
                       Number of splices: GC/AG |	1256292
                       Number of splices: AT/AC |	456551
               Number of splices: Non-canonical |	284106
                      Mismatch rate per base, % |	0.75%
                         Deletion rate per base |	0.04%
                        Deletion average length |	1.93
                        Insertion rate per base |	0.02%
                       Insertion average length |	2.18
                             MULTI-MAPPING READS:
        Number of reads mapped to multiple loci |	10008212
             % of reads mapped to multiple loci |	5.60%
        Number of reads mapped to too many loci |	20325
             % of reads mapped to too many loci |	0.01%
                                  UNMAPPED READS:
  Number of reads unmapped: too many mismatches |	0
       % of reads unmapped: too many mismatches |	0.00%
            Number of reads unmapped: too short |	12684858
                 % of reads unmapped: too short |	7.09%
                Number of reads unmapped: other |	6837
                     % of reads unmapped: other |	0.00%
                                  CHIMERIC READS:
                       Number of chimeric reads |	0
                            % of chimeric reads |	0.00%
