                                 Started job on |	Jun 16 16:34:41
                             Started mapping on |	Jun 16 16:34:56
                                    Finished on |	Jun 16 16:43:21
       Mapping speed, Million of reads per hour |	154.79

                          Number of input reads |	21713611
                      Average input read length |	267
                                    UNIQUE READS:
                   Uniquely mapped reads number |	18870871
                        Uniquely mapped reads % |	86.91%
                          Average mapped length |	266.02
                       Number of splices: Total |	9535071
            Number of splices: Annotated (sjdb) |	8242861
                       Number of splices: GT/AG |	9250011
                       Number of splices: GC/AG |	154635
                       Number of splices: AT/AC |	76258
               Number of splices: Non-canonical |	54167
                      Mismatch rate per base, % |	0.60%
                         Deletion rate per base |	0.04%
                        Deletion average length |	2.11
                        Insertion rate per base |	0.03%
                       Insertion average length |	2.33
                             MULTI-MAPPING READS:
        Number of reads mapped to multiple loci |	1618783
             % of reads mapped to multiple loci |	7.46%
        Number of reads mapped to too many loci |	1956
             % of reads mapped to too many loci |	0.01%
                                  UNMAPPED READS:
  Number of reads unmapped: too many mismatches |	0
       % of reads unmapped: too many mismatches |	0.00%
            Number of reads unmapped: too short |	1221095
                 % of reads unmapped: too short |	5.62%
                Number of reads unmapped: other |	906
                     % of reads unmapped: other |	0.00%
                                  CHIMERIC READS:
                       Number of chimeric reads |	0
                            % of chimeric reads |	0.00%
