                                 Started job on |	Jun 16 16:37:53
                             Started mapping on |	Jun 16 16:38:01
                                    Finished on |	Jun 16 16:56:39
       Mapping speed, Million of reads per hour |	112.37

                          Number of input reads |	34898392
                      Average input read length |	268
                                    UNIQUE READS:
                   Uniquely mapped reads number |	30093290
                        Uniquely mapped reads % |	86.23%
                          Average mapped length |	267.38
                       Number of splices: Total |	15523801
            Number of splices: Annotated (sjdb) |	13496505
                       Number of splices: GT/AG |	15106496
                       Number of splices: GC/AG |	239221
                       Number of splices: AT/AC |	98801
               Number of splices: Non-canonical |	79283
                      Mismatch rate per base, % |	0.57%
                         Deletion rate per base |	0.04%
                        Deletion average length |	1.99
                        Insertion rate per base |	0.02%
                       Insertion average length |	2.38
                             MULTI-MAPPING READS:
        Number of reads mapped to multiple loci |	2757191
             % of reads mapped to multiple loci |	7.90%
        Number of reads mapped to too many loci |	2162
             % of reads mapped to too many loci |	0.01%
                                  UNMAPPED READS:
  Number of reads unmapped: too many mismatches |	0
       % of reads unmapped: too many mismatches |	0.00%
            Number of reads unmapped: too short |	2044404
                 % of reads unmapped: too short |	5.86%
                Number of reads unmapped: other |	1345
                     % of reads unmapped: other |	0.00%
                                  CHIMERIC READS:
                       Number of chimeric reads |	0
                            % of chimeric reads |	0.00%
