                                 Started job on |	Jun 16 16:34:36
                             Started mapping on |	Jun 16 16:34:54
                                    Finished on |	Jun 16 16:46:04
       Mapping speed, Million of reads per hour |	144.20

                          Number of input reads |	26838053
                      Average input read length |	268
                                    UNIQUE READS:
                   Uniquely mapped reads number |	23198347
                        Uniquely mapped reads % |	86.44%
                          Average mapped length |	267.23
                       Number of splices: Total |	11967534
            Number of splices: Annotated (sjdb) |	10400164
                       Number of splices: GT/AG |	11659498
                       Number of splices: GC/AG |	178116
                       Number of splices: AT/AC |	69917
               Number of splices: Non-canonical |	60003
                      Mismatch rate per base, % |	0.60%
                         Deletion rate per base |	0.04%
                        Deletion average length |	2.03
                        Insertion rate per base |	0.02%
                       Insertion average length |	2.25
                             MULTI-MAPPING READS:
        Number of reads mapped to multiple loci |	1952924
             % of reads mapped to multiple loci |	7.28%
        Number of reads mapped to too many loci |	1758
             % of reads mapped to too many loci |	0.01%
                                  UNMAPPED READS:
  Number of reads unmapped: too many mismatches |	0
       % of reads unmapped: too many mismatches |	0.00%
            Number of reads unmapped: too short |	1683443
                 % of reads unmapped: too short |	6.27%
                Number of reads unmapped: other |	1581
                     % of reads unmapped: other |	0.01%
                                  CHIMERIC READS:
                       Number of chimeric reads |	0
                            % of chimeric reads |	0.00%
