                                 Started job on |	Jun 16 16:37:58
                             Started mapping on |	Jun 16 16:38:08
                                    Finished on |	Jun 16 16:54:22
       Mapping speed, Million of reads per hour |	152.77

                          Number of input reads |	41331554
                      Average input read length |	265
                                    UNIQUE READS:
                   Uniquely mapped reads number |	34341696
                        Uniquely mapped reads % |	83.09%
                          Average mapped length |	263.67
                       Number of splices: Total |	8820484
            Number of splices: Annotated (sjdb) |	7665414
                       Number of splices: GT/AG |	8160731
                       Number of splices: GC/AG |	294863
                       Number of splices: AT/AC |	313176
               Number of splices: Non-canonical |	51714
                      Mismatch rate per base, % |	0.55%
                         Deletion rate per base |	0.02%
                        Deletion average length |	1.76
                        Insertion rate per base |	0.02%
                       Insertion average length |	1.84
                             MULTI-MAPPING READS:
        Number of reads mapped to multiple loci |	4193430
             % of reads mapped to multiple loci |	10.15%
        Number of reads mapped to too many loci |	6100
             % of reads mapped to too many loci |	0.01%
                                  UNMAPPED READS:
  Number of reads unmapped: too many mismatches |	0
       % of reads unmapped: too many mismatches |	0.00%
            Number of reads unmapped: too short |	2788478
                 % of reads unmapped: too short |	6.75%
                Number of reads unmapped: other |	1850
                     % of reads unmapped: other |	0.00%
                                  CHIMERIC READS:
                       Number of chimeric reads |	0
                            % of chimeric reads |	0.00%
