                                 Started job on |	Jun 16 16:37:47
                             Started mapping on |	Jun 16 16:37:59
                                    Finished on |	Jun 16 17:06:15
       Mapping speed, Million of reads per hour |	155.23

                          Number of input reads |	73132063
                      Average input read length |	269
                                    UNIQUE READS:
                   Uniquely mapped reads number |	62534021
                        Uniquely mapped reads % |	85.51%
                          Average mapped length |	267.25
                       Number of splices: Total |	35529797
            Number of splices: Annotated (sjdb) |	31132072
                       Number of splices: GT/AG |	34583756
                       Number of splices: GC/AG |	471960
                       Number of splices: AT/AC |	342792
               Number of splices: Non-canonical |	131289
                      Mismatch rate per base, % |	0.65%
                         Deletion rate per base |	0.04%
                        Deletion average length |	1.95
                        Insertion rate per base |	0.02%
                       Insertion average length |	2.22
                             MULTI-MAPPING READS:
        Number of reads mapped to multiple loci |	5789106
             % of reads mapped to multiple loci |	7.92%
        Number of reads mapped to too many loci |	6715
             % of reads mapped to too many loci |	0.01%
                                  UNMAPPED READS:
  Number of reads unmapped: too many mismatches |	0
       % of reads unmapped: too many mismatches |	0.00%
            Number of reads unmapped: too short |	4797995
                 % of reads unmapped: too short |	6.56%
                Number of reads unmapped: other |	4226
                     % of reads unmapped: other |	0.01%
                                  CHIMERIC READS:
                       Number of chimeric reads |	0
                            % of chimeric reads |	0.00%
