                                 Started job on |	Jun 11 13:56:00
                             Started mapping on |	Jun 11 13:56:12
                                    Finished on |	Jun 11 14:45:28
       Mapping speed, Million of reads per hour |	103.94

                          Number of input reads |	85349098
                      Average input read length |	272
                                    UNIQUE READS:
                   Uniquely mapped reads number |	71020917
                        Uniquely mapped reads % |	83.21%
                          Average mapped length |	271.82
                       Number of splices: Total |	28052176
            Number of splices: Annotated (sjdb) |	24476924
                       Number of splices: GT/AG |	27180601
                       Number of splices: GC/AG |	387810
                       Number of splices: AT/AC |	275145
               Number of splices: Non-canonical |	208620
                      Mismatch rate per base, % |	0.50%
                         Deletion rate per base |	0.03%
                        Deletion average length |	1.84
                        Insertion rate per base |	0.01%
                       Insertion average length |	2.41
                             MULTI-MAPPING READS:
        Number of reads mapped to multiple loci |	7868072
             % of reads mapped to multiple loci |	9.22%
        Number of reads mapped to too many loci |	4723
             % of reads mapped to too many loci |	0.01%
                                  UNMAPPED READS:
  Number of reads unmapped: too many mismatches |	0
       % of reads unmapped: too many mismatches |	0.00%
            Number of reads unmapped: too short |	6453381
                 % of reads unmapped: too short |	7.56%
                Number of reads unmapped: other |	2005
                     % of reads unmapped: other |	0.00%
                                  CHIMERIC READS:
                       Number of chimeric reads |	0
                            % of chimeric reads |	0.00%
