                                 Started job on |	Jun 16 16:37:44
                             Started mapping on |	Jun 16 16:37:54
                                    Finished on |	Jun 16 17:05:22
       Mapping speed, Million of reads per hour |	160.24

                          Number of input reads |	73353324
                      Average input read length |	264
                                    UNIQUE READS:
                   Uniquely mapped reads number |	65373612
                        Uniquely mapped reads % |	89.12%
                          Average mapped length |	263.92
                       Number of splices: Total |	31904409
            Number of splices: Annotated (sjdb) |	27100693
                       Number of splices: GT/AG |	30890063
                       Number of splices: GC/AG |	584010
                       Number of splices: AT/AC |	290709
               Number of splices: Non-canonical |	139627
                      Mismatch rate per base, % |	0.61%
                         Deletion rate per base |	0.03%
                        Deletion average length |	2.02
                        Insertion rate per base |	0.02%
                       Insertion average length |	2.32
                             MULTI-MAPPING READS:
        Number of reads mapped to multiple loci |	4705444
             % of reads mapped to multiple loci |	6.41%
        Number of reads mapped to too many loci |	5021
             % of reads mapped to too many loci |	0.01%
                                  UNMAPPED READS:
  Number of reads unmapped: too many mismatches |	0
       % of reads unmapped: too many mismatches |	0.00%
            Number of reads unmapped: too short |	3260168
                 % of reads unmapped: too short |	4.44%
                Number of reads unmapped: other |	9079
                     % of reads unmapped: other |	0.01%
                                  CHIMERIC READS:
                       Number of chimeric reads |	0
                            % of chimeric reads |	0.00%
