                                 Started job on |	Jun 11 13:51:42
                             Started mapping on |	Jun 11 13:51:57
                                    Finished on |	Jun 11 14:11:36
       Mapping speed, Million of reads per hour |	108.76

                          Number of input reads |	35620361
                      Average input read length |	265
                                    UNIQUE READS:
                   Uniquely mapped reads number |	30544720
                        Uniquely mapped reads % |	85.75%
                          Average mapped length |	263.79
                       Number of splices: Total |	12776563
            Number of splices: Annotated (sjdb) |	11103286
                       Number of splices: GT/AG |	12333496
                       Number of splices: GC/AG |	263958
                       Number of splices: AT/AC |	121426
               Number of splices: Non-canonical |	57683
                      Mismatch rate per base, % |	0.60%
                         Deletion rate per base |	0.03%
                        Deletion average length |	1.96
                        Insertion rate per base |	0.02%
                       Insertion average length |	2.11
                             MULTI-MAPPING READS:
        Number of reads mapped to multiple loci |	2938215
             % of reads mapped to multiple loci |	8.25%
        Number of reads mapped to too many loci |	3802
             % of reads mapped to too many loci |	0.01%
                                  UNMAPPED READS:
  Number of reads unmapped: too many mismatches |	0
       % of reads unmapped: too many mismatches |	0.00%
            Number of reads unmapped: too short |	2131722
                 % of reads unmapped: too short |	5.98%
                Number of reads unmapped: other |	1902
                     % of reads unmapped: other |	0.01%
                                  CHIMERIC READS:
                       Number of chimeric reads |	0
                            % of chimeric reads |	0.00%
