                                 Started job on |	Jun 11 13:55:42
                             Started mapping on |	Jun 11 13:55:56
                                    Finished on |	Jun 11 14:38:33
       Mapping speed, Million of reads per hour |	104.45

                          Number of input reads |	74185174
                      Average input read length |	270
                                    UNIQUE READS:
                   Uniquely mapped reads number |	62794730
                        Uniquely mapped reads % |	84.65%
                          Average mapped length |	271.13
                       Number of splices: Total |	29160884
            Number of splices: Annotated (sjdb) |	25498464
                       Number of splices: GT/AG |	28329585
                       Number of splices: GC/AG |	411262
                       Number of splices: AT/AC |	222740
               Number of splices: Non-canonical |	197297
                      Mismatch rate per base, % |	0.50%
                         Deletion rate per base |	0.03%
                        Deletion average length |	1.95
                        Insertion rate per base |	0.02%
                       Insertion average length |	2.47
                             MULTI-MAPPING READS:
        Number of reads mapped to multiple loci |	6334900
             % of reads mapped to multiple loci |	8.54%
        Number of reads mapped to too many loci |	4403
             % of reads mapped to too many loci |	0.01%
                                  UNMAPPED READS:
  Number of reads unmapped: too many mismatches |	0
       % of reads unmapped: too many mismatches |	0.00%
            Number of reads unmapped: too short |	5049380
                 % of reads unmapped: too short |	6.81%
                Number of reads unmapped: other |	1761
                     % of reads unmapped: other |	0.00%
                                  CHIMERIC READS:
                       Number of chimeric reads |	0
                            % of chimeric reads |	0.00%
