                                 Started job on |	Jun 11 14:05:42
                             Started mapping on |	Jun 11 14:05:54
                                    Finished on |	Jun 11 14:45:18
       Mapping speed, Million of reads per hour |	77.65

                          Number of input reads |	50992703
                      Average input read length |	272
                                    UNIQUE READS:
                   Uniquely mapped reads number |	42342697
                        Uniquely mapped reads % |	83.04%
                          Average mapped length |	271.20
                       Number of splices: Total |	21930514
            Number of splices: Annotated (sjdb) |	19171546
                       Number of splices: GT/AG |	21429794
                       Number of splices: GC/AG |	276054
                       Number of splices: AT/AC |	100232
               Number of splices: Non-canonical |	124434
                      Mismatch rate per base, % |	0.54%
                         Deletion rate per base |	0.03%
                        Deletion average length |	1.89
                        Insertion rate per base |	0.02%
                       Insertion average length |	2.42
                             MULTI-MAPPING READS:
        Number of reads mapped to multiple loci |	3991874
             % of reads mapped to multiple loci |	7.83%
        Number of reads mapped to too many loci |	2703
             % of reads mapped to too many loci |	0.01%
                                  UNMAPPED READS:
  Number of reads unmapped: too many mismatches |	0
       % of reads unmapped: too many mismatches |	0.00%
            Number of reads unmapped: too short |	4650416
                 % of reads unmapped: too short |	9.12%
                Number of reads unmapped: other |	5013
                     % of reads unmapped: other |	0.01%
                                  CHIMERIC READS:
                       Number of chimeric reads |	0
                            % of chimeric reads |	0.00%
