                                 Started job on |	Jun 16 16:39:51
                             Started mapping on |	Jun 16 16:39:58
                                    Finished on |	Jun 16 17:03:12
       Mapping speed, Million of reads per hour |	112.10

                          Number of input reads |	43407576
                      Average input read length |	271
                                    UNIQUE READS:
                   Uniquely mapped reads number |	36629790
                        Uniquely mapped reads % |	84.39%
                          Average mapped length |	270.05
                       Number of splices: Total |	17606679
            Number of splices: Annotated (sjdb) |	15311498
                       Number of splices: GT/AG |	17075171
                       Number of splices: GC/AG |	279651
                       Number of splices: AT/AC |	155574
               Number of splices: Non-canonical |	96283
                      Mismatch rate per base, % |	0.55%
                         Deletion rate per base |	0.03%
                        Deletion average length |	1.93
                        Insertion rate per base |	0.02%
                       Insertion average length |	2.34
                             MULTI-MAPPING READS:
        Number of reads mapped to multiple loci |	3610447
             % of reads mapped to multiple loci |	8.32%
        Number of reads mapped to too many loci |	2883
             % of reads mapped to too many loci |	0.01%
                                  UNMAPPED READS:
  Number of reads unmapped: too many mismatches |	0
       % of reads unmapped: too many mismatches |	0.00%
            Number of reads unmapped: too short |	3162496
                 % of reads unmapped: too short |	7.29%
                Number of reads unmapped: other |	1960
                     % of reads unmapped: other |	0.00%
                                  CHIMERIC READS:
                       Number of chimeric reads |	0
                            % of chimeric reads |	0.00%
