                                 Started job on |	Jun 16 16:40:35
                             Started mapping on |	Jun 16 16:40:41
                                    Finished on |	Jun 16 16:54:02
       Mapping speed, Million of reads per hour |	128.69

                          Number of input reads |	28634152
                      Average input read length |	268
                                    UNIQUE READS:
                   Uniquely mapped reads number |	24165181
                        Uniquely mapped reads % |	84.39%
                          Average mapped length |	267.37
                       Number of splices: Total |	9700432
            Number of splices: Annotated (sjdb) |	8460725
                       Number of splices: GT/AG |	9325560
                       Number of splices: GC/AG |	192884
                       Number of splices: AT/AC |	140320
               Number of splices: Non-canonical |	41668
                      Mismatch rate per base, % |	0.56%
                         Deletion rate per base |	0.03%
                        Deletion average length |	1.83
                        Insertion rate per base |	0.02%
                       Insertion average length |	2.06
                             MULTI-MAPPING READS:
        Number of reads mapped to multiple loci |	2641279
             % of reads mapped to multiple loci |	9.22%
        Number of reads mapped to too many loci |	1971
             % of reads mapped to too many loci |	0.01%
                                  UNMAPPED READS:
  Number of reads unmapped: too many mismatches |	0
       % of reads unmapped: too many mismatches |	0.00%
            Number of reads unmapped: too short |	1823955
                 % of reads unmapped: too short |	6.37%
                Number of reads unmapped: other |	1766
                     % of reads unmapped: other |	0.01%
                                  CHIMERIC READS:
                       Number of chimeric reads |	0
                            % of chimeric reads |	0.00%
