                                 Started job on |	Jun 16 16:34:39
                             Started mapping on |	Jun 16 16:34:55
                                    Finished on |	Jun 16 17:09:18
       Mapping speed, Million of reads per hour |	78.48

                          Number of input reads |	44975357
                      Average input read length |	271
                                    UNIQUE READS:
                   Uniquely mapped reads number |	38257110
                        Uniquely mapped reads % |	85.06%
                          Average mapped length |	270.16
                       Number of splices: Total |	18596664
            Number of splices: Annotated (sjdb) |	16247425
                       Number of splices: GT/AG |	18093033
                       Number of splices: GC/AG |	302592
                       Number of splices: AT/AC |	115395
               Number of splices: Non-canonical |	85644
                      Mismatch rate per base, % |	0.56%
                         Deletion rate per base |	0.03%
                        Deletion average length |	1.90
                        Insertion rate per base |	0.02%
                       Insertion average length |	2.24
                             MULTI-MAPPING READS:
        Number of reads mapped to multiple loci |	3760910
             % of reads mapped to multiple loci |	8.36%
        Number of reads mapped to too many loci |	2173
             % of reads mapped to too many loci |	0.00%
                                  UNMAPPED READS:
  Number of reads unmapped: too many mismatches |	0
       % of reads unmapped: too many mismatches |	0.00%
            Number of reads unmapped: too short |	2953672
                 % of reads unmapped: too short |	6.57%
                Number of reads unmapped: other |	1492
                     % of reads unmapped: other |	0.00%
                                  CHIMERIC READS:
                       Number of chimeric reads |	0
                            % of chimeric reads |	0.00%
