                                 Started job on |	Jun 11 13:58:34
                             Started mapping on |	Jun 11 13:58:45
                                    Finished on |	Jun 11 14:05:57
       Mapping speed, Million of reads per hour |	136.82

                          Number of input reads |	16418877
                      Average input read length |	264
                                    UNIQUE READS:
                   Uniquely mapped reads number |	14179304
                        Uniquely mapped reads % |	86.36%
                          Average mapped length |	262.16
                       Number of splices: Total |	7418263
            Number of splices: Annotated (sjdb) |	6478520
                       Number of splices: GT/AG |	7160309
                       Number of splices: GC/AG |	131326
                       Number of splices: AT/AC |	97129
               Number of splices: Non-canonical |	29499
                      Mismatch rate per base, % |	0.70%
                         Deletion rate per base |	0.04%
                        Deletion average length |	1.99
                        Insertion rate per base |	0.03%
                       Insertion average length |	2.20
                             MULTI-MAPPING READS:
        Number of reads mapped to multiple loci |	1154541
             % of reads mapped to multiple loci |	7.03%
        Number of reads mapped to too many loci |	2040
             % of reads mapped to too many loci |	0.01%
                                  UNMAPPED READS:
  Number of reads unmapped: too many mismatches |	0
       % of reads unmapped: too many mismatches |	0.00%
            Number of reads unmapped: too short |	1082191
                 % of reads unmapped: too short |	6.59%
                Number of reads unmapped: other |	801
                     % of reads unmapped: other |	0.00%
                                  CHIMERIC READS:
                       Number of chimeric reads |	0
                            % of chimeric reads |	0.00%
