                                 Started job on |	Jun 16 16:42:18
                             Started mapping on |	Jun 16 16:42:35
                                    Finished on |	Jun 16 16:54:40
       Mapping speed, Million of reads per hour |	140.66

                          Number of input reads |	28327077
                      Average input read length |	296
                                    UNIQUE READS:
                   Uniquely mapped reads number |	25638044
                        Uniquely mapped reads % |	90.51%
                          Average mapped length |	295.00
                       Number of splices: Total |	24244959
            Number of splices: Annotated (sjdb) |	21738155
                       Number of splices: GT/AG |	23941883
                       Number of splices: GC/AG |	210040
                       Number of splices: AT/AC |	13416
               Number of splices: Non-canonical |	79620
                      Mismatch rate per base, % |	0.69%
                         Deletion rate per base |	0.05%
                        Deletion average length |	2.84
                        Insertion rate per base |	0.05%
                       Insertion average length |	2.62
                             MULTI-MAPPING READS:
        Number of reads mapped to multiple loci |	1192077
             % of reads mapped to multiple loci |	4.21%
        Number of reads mapped to too many loci |	1809
             % of reads mapped to too many loci |	0.01%
                                  UNMAPPED READS:
  Number of reads unmapped: too many mismatches |	0
       % of reads unmapped: too many mismatches |	0.00%
            Number of reads unmapped: too short |	1493745
                 % of reads unmapped: too short |	5.27%
                Number of reads unmapped: other |	1402
                     % of reads unmapped: other |	0.00%
                                  CHIMERIC READS:
                       Number of chimeric reads |	0
                            % of chimeric reads |	0.00%
