                                 Started job on |	Jun 11 14:10:39
                             Started mapping on |	Jun 11 14:10:49
                                    Finished on |	Jun 11 14:31:37
       Mapping speed, Million of reads per hour |	81.51

                          Number of input reads |	28257075
                      Average input read length |	296
                                    UNIQUE READS:
                   Uniquely mapped reads number |	24999738
                        Uniquely mapped reads % |	88.47%
                          Average mapped length |	294.70
                       Number of splices: Total |	21008632
            Number of splices: Annotated (sjdb) |	18645271
                       Number of splices: GT/AG |	20726461
                       Number of splices: GC/AG |	176681
                       Number of splices: AT/AC |	19507
               Number of splices: Non-canonical |	85983
                      Mismatch rate per base, % |	0.74%
                         Deletion rate per base |	0.06%
                        Deletion average length |	2.76
                        Insertion rate per base |	0.06%
                       Insertion average length |	2.60
                             MULTI-MAPPING READS:
        Number of reads mapped to multiple loci |	1362014
             % of reads mapped to multiple loci |	4.82%
        Number of reads mapped to too many loci |	2487
             % of reads mapped to too many loci |	0.01%
                                  UNMAPPED READS:
  Number of reads unmapped: too many mismatches |	0
       % of reads unmapped: too many mismatches |	0.00%
            Number of reads unmapped: too short |	1891378
                 % of reads unmapped: too short |	6.69%
                Number of reads unmapped: other |	1458
                     % of reads unmapped: other |	0.01%
                                  CHIMERIC READS:
                       Number of chimeric reads |	0
                            % of chimeric reads |	0.00%
