                                 Started job on |	Jun 11 14:00:46
                             Started mapping on |	Jun 11 14:00:57
                                    Finished on |	Jun 11 14:22:58
       Mapping speed, Million of reads per hour |	88.41

                          Number of input reads |	32442394
                      Average input read length |	296
                                    UNIQUE READS:
                   Uniquely mapped reads number |	29191255
                        Uniquely mapped reads % |	89.98%
                          Average mapped length |	294.34
                       Number of splices: Total |	27545100
            Number of splices: Annotated (sjdb) |	24657288
                       Number of splices: GT/AG |	27208872
                       Number of splices: GC/AG |	233615
                       Number of splices: AT/AC |	13722
               Number of splices: Non-canonical |	88891
                      Mismatch rate per base, % |	0.73%
                         Deletion rate per base |	0.06%
                        Deletion average length |	2.97
                        Insertion rate per base |	0.05%
                       Insertion average length |	2.69
                             MULTI-MAPPING READS:
        Number of reads mapped to multiple loci |	1382469
             % of reads mapped to multiple loci |	4.26%
        Number of reads mapped to too many loci |	2489
             % of reads mapped to too many loci |	0.01%
                                  UNMAPPED READS:
  Number of reads unmapped: too many mismatches |	0
       % of reads unmapped: too many mismatches |	0.00%
            Number of reads unmapped: too short |	1864298
                 % of reads unmapped: too short |	5.75%
                Number of reads unmapped: other |	1883
                     % of reads unmapped: other |	0.01%
                                  CHIMERIC READS:
                       Number of chimeric reads |	0
                            % of chimeric reads |	0.00%
