                                 Started job on |	Jun 16 16:42:27
                             Started mapping on |	Jun 16 16:42:58
                                    Finished on |	Jun 16 17:01:14
       Mapping speed, Million of reads per hour |	94.82

                          Number of input reads |	28867003
                      Average input read length |	297
                                    UNIQUE READS:
                   Uniquely mapped reads number |	26142679
                        Uniquely mapped reads % |	90.56%
                          Average mapped length |	295.36
                       Number of splices: Total |	24973329
            Number of splices: Annotated (sjdb) |	22460311
                       Number of splices: GT/AG |	24655506
                       Number of splices: GC/AG |	228708
                       Number of splices: AT/AC |	12574
               Number of splices: Non-canonical |	76541
                      Mismatch rate per base, % |	0.69%
                         Deletion rate per base |	0.06%
                        Deletion average length |	3.05
                        Insertion rate per base |	0.05%
                       Insertion average length |	2.69
                             MULTI-MAPPING READS:
        Number of reads mapped to multiple loci |	1188839
             % of reads mapped to multiple loci |	4.12%
        Number of reads mapped to too many loci |	2118
             % of reads mapped to too many loci |	0.01%
                                  UNMAPPED READS:
  Number of reads unmapped: too many mismatches |	0
       % of reads unmapped: too many mismatches |	0.00%
            Number of reads unmapped: too short |	1531820
                 % of reads unmapped: too short |	5.31%
                Number of reads unmapped: other |	1547
                     % of reads unmapped: other |	0.01%
                                  CHIMERIC READS:
                       Number of chimeric reads |	0
                            % of chimeric reads |	0.00%
