                                 Started job on |	Jun 11 14:10:35
                             Started mapping on |	Jun 11 14:10:49
                                    Finished on |	Jun 11 14:31:52
       Mapping speed, Million of reads per hour |	82.91

                          Number of input reads |	29088619
                      Average input read length |	296
                                    UNIQUE READS:
                   Uniquely mapped reads number |	26024576
                        Uniquely mapped reads % |	89.47%
                          Average mapped length |	294.40
                       Number of splices: Total |	23653352
            Number of splices: Annotated (sjdb) |	20916863
                       Number of splices: GT/AG |	23319564
                       Number of splices: GC/AG |	213303
                       Number of splices: AT/AC |	20656
               Number of splices: Non-canonical |	99829
                      Mismatch rate per base, % |	0.76%
                         Deletion rate per base |	0.06%
                        Deletion average length |	2.82
                        Insertion rate per base |	0.06%
                       Insertion average length |	2.62
                             MULTI-MAPPING READS:
        Number of reads mapped to multiple loci |	1354076
             % of reads mapped to multiple loci |	4.66%
        Number of reads mapped to too many loci |	2245
             % of reads mapped to too many loci |	0.01%
                                  UNMAPPED READS:
  Number of reads unmapped: too many mismatches |	0
       % of reads unmapped: too many mismatches |	0.00%
            Number of reads unmapped: too short |	1706064
                 % of reads unmapped: too short |	5.87%
                Number of reads unmapped: other |	1658
                     % of reads unmapped: other |	0.01%
                                  CHIMERIC READS:
                       Number of chimeric reads |	0
                            % of chimeric reads |	0.00%
