                                 Started job on |	Jun 11 14:00:57
                             Started mapping on |	Jun 11 14:01:10
                                    Finished on |	Jun 11 14:20:44
       Mapping speed, Million of reads per hour |	86.64

                          Number of input reads |	28254277
                      Average input read length |	296
                                    UNIQUE READS:
                   Uniquely mapped reads number |	25321038
                        Uniquely mapped reads % |	89.62%
                          Average mapped length |	294.80
                       Number of splices: Total |	23972877
            Number of splices: Annotated (sjdb) |	21397546
                       Number of splices: GT/AG |	23664395
                       Number of splices: GC/AG |	217927
                       Number of splices: AT/AC |	11516
               Number of splices: Non-canonical |	79039
                      Mismatch rate per base, % |	0.71%
                         Deletion rate per base |	0.06%
                        Deletion average length |	2.96
                        Insertion rate per base |	0.05%
                       Insertion average length |	2.67
                             MULTI-MAPPING READS:
        Number of reads mapped to multiple loci |	1208558
             % of reads mapped to multiple loci |	4.28%
        Number of reads mapped to too many loci |	3892
             % of reads mapped to too many loci |	0.01%
                                  UNMAPPED READS:
  Number of reads unmapped: too many mismatches |	0
       % of reads unmapped: too many mismatches |	0.00%
            Number of reads unmapped: too short |	1719150
                 % of reads unmapped: too short |	6.08%
                Number of reads unmapped: other |	1639
                     % of reads unmapped: other |	0.01%
                                  CHIMERIC READS:
                       Number of chimeric reads |	0
                            % of chimeric reads |	0.00%
