                                 Started job on |	Jun 11 14:10:37
                             Started mapping on |	Jun 11 14:10:49
                                    Finished on |	Jun 11 14:34:32
       Mapping speed, Million of reads per hour |	73.78

                          Number of input reads |	29163701
                      Average input read length |	296
                                    UNIQUE READS:
                   Uniquely mapped reads number |	25782115
                        Uniquely mapped reads % |	88.40%
                          Average mapped length |	294.78
                       Number of splices: Total |	21779423
            Number of splices: Annotated (sjdb) |	19292295
                       Number of splices: GT/AG |	21481418
                       Number of splices: GC/AG |	197033
                       Number of splices: AT/AC |	15029
               Number of splices: Non-canonical |	85943
                      Mismatch rate per base, % |	0.73%
                         Deletion rate per base |	0.05%
                        Deletion average length |	2.96
                        Insertion rate per base |	0.05%
                       Insertion average length |	2.62
                             MULTI-MAPPING READS:
        Number of reads mapped to multiple loci |	1390759
             % of reads mapped to multiple loci |	4.77%
        Number of reads mapped to too many loci |	3662
             % of reads mapped to too many loci |	0.01%
                                  UNMAPPED READS:
  Number of reads unmapped: too many mismatches |	0
       % of reads unmapped: too many mismatches |	0.00%
            Number of reads unmapped: too short |	1985560
                 % of reads unmapped: too short |	6.81%
                Number of reads unmapped: other |	1605
                     % of reads unmapped: other |	0.01%
                                  CHIMERIC READS:
                       Number of chimeric reads |	0
                            % of chimeric reads |	0.00%
