                                 Started job on |	Jun 11 14:10:55
                             Started mapping on |	Jun 11 14:11:11
                                    Finished on |	Jun 11 14:31:08
       Mapping speed, Million of reads per hour |	86.18

                          Number of input reads |	28655846
                      Average input read length |	297
                                    UNIQUE READS:
                   Uniquely mapped reads number |	25746022
                        Uniquely mapped reads % |	89.85%
                          Average mapped length |	295.07
                       Number of splices: Total |	24364261
            Number of splices: Annotated (sjdb) |	21728148
                       Number of splices: GT/AG |	24057043
                       Number of splices: GC/AG |	202215
                       Number of splices: AT/AC |	17239
               Number of splices: Non-canonical |	87764
                      Mismatch rate per base, % |	0.71%
                         Deletion rate per base |	0.05%
                        Deletion average length |	2.93
                        Insertion rate per base |	0.05%
                       Insertion average length |	2.70
                             MULTI-MAPPING READS:
        Number of reads mapped to multiple loci |	1239576
             % of reads mapped to multiple loci |	4.33%
        Number of reads mapped to too many loci |	3165
             % of reads mapped to too many loci |	0.01%
                                  UNMAPPED READS:
  Number of reads unmapped: too many mismatches |	0
       % of reads unmapped: too many mismatches |	0.00%
            Number of reads unmapped: too short |	1665497
                 % of reads unmapped: too short |	5.81%
                Number of reads unmapped: other |	1586
                     % of reads unmapped: other |	0.01%
                                  CHIMERIC READS:
                       Number of chimeric reads |	0
                            % of chimeric reads |	0.00%
