                                 Started job on |	Jun 11 14:11:34
                             Started mapping on |	Jun 11 14:11:46
                                    Finished on |	Jun 11 14:32:28
       Mapping speed, Million of reads per hour |	85.33

                          Number of input reads |	29437407
                      Average input read length |	296
                                    UNIQUE READS:
                   Uniquely mapped reads number |	26655742
                        Uniquely mapped reads % |	90.55%
                          Average mapped length |	294.86
                       Number of splices: Total |	25638455
            Number of splices: Annotated (sjdb) |	22967175
                       Number of splices: GT/AG |	25319624
                       Number of splices: GC/AG |	224114
                       Number of splices: AT/AC |	14464
               Number of splices: Non-canonical |	80253
                      Mismatch rate per base, % |	0.73%
                         Deletion rate per base |	0.06%
                        Deletion average length |	2.92
                        Insertion rate per base |	0.05%
                       Insertion average length |	2.65
                             MULTI-MAPPING READS:
        Number of reads mapped to multiple loci |	1248847
             % of reads mapped to multiple loci |	4.24%
        Number of reads mapped to too many loci |	4247
             % of reads mapped to too many loci |	0.01%
                                  UNMAPPED READS:
  Number of reads unmapped: too many mismatches |	0
       % of reads unmapped: too many mismatches |	0.00%
            Number of reads unmapped: too short |	1526282
                 % of reads unmapped: too short |	5.18%
                Number of reads unmapped: other |	2289
                     % of reads unmapped: other |	0.01%
                                  CHIMERIC READS:
                       Number of chimeric reads |	0
                            % of chimeric reads |	0.00%
