                                 Started job on |	Jun 11 14:10:55
                             Started mapping on |	Jun 11 14:11:09
                                    Finished on |	Jun 11 14:34:10
       Mapping speed, Million of reads per hour |	77.70

                          Number of input reads |	29806060
                      Average input read length |	296
                                    UNIQUE READS:
                   Uniquely mapped reads number |	26343147
                        Uniquely mapped reads % |	88.38%
                          Average mapped length |	294.84
                       Number of splices: Total |	24366562
            Number of splices: Annotated (sjdb) |	21619489
                       Number of splices: GT/AG |	24044049
                       Number of splices: GC/AG |	212030
                       Number of splices: AT/AC |	18077
               Number of splices: Non-canonical |	92406
                      Mismatch rate per base, % |	0.72%
                         Deletion rate per base |	0.05%
                        Deletion average length |	2.92
                        Insertion rate per base |	0.05%
                       Insertion average length |	2.67
                             MULTI-MAPPING READS:
        Number of reads mapped to multiple loci |	1332530
             % of reads mapped to multiple loci |	4.47%
        Number of reads mapped to too many loci |	4926
             % of reads mapped to too many loci |	0.02%
                                  UNMAPPED READS:
  Number of reads unmapped: too many mismatches |	0
       % of reads unmapped: too many mismatches |	0.00%
            Number of reads unmapped: too short |	2123808
                 % of reads unmapped: too short |	7.13%
                Number of reads unmapped: other |	1649
                     % of reads unmapped: other |	0.01%
                                  CHIMERIC READS:
                       Number of chimeric reads |	0
                            % of chimeric reads |	0.00%
