                                 Started job on |	Jun 11 14:00:48
                             Started mapping on |	Jun 11 14:00:59
                                    Finished on |	Jun 11 14:20:26
       Mapping speed, Million of reads per hour |	84.60

                          Number of input reads |	27423790
                      Average input read length |	290
                                    UNIQUE READS:
                   Uniquely mapped reads number |	23807914
                        Uniquely mapped reads % |	86.81%
                          Average mapped length |	287.53
                       Number of splices: Total |	20743750
            Number of splices: Annotated (sjdb) |	18318027
                       Number of splices: GT/AG |	20420359
                       Number of splices: GC/AG |	234435
                       Number of splices: AT/AC |	15793
               Number of splices: Non-canonical |	73163
                      Mismatch rate per base, % |	0.65%
                         Deletion rate per base |	0.05%
                        Deletion average length |	2.91
                        Insertion rate per base |	0.04%
                       Insertion average length |	2.47
                             MULTI-MAPPING READS:
        Number of reads mapped to multiple loci |	1139711
             % of reads mapped to multiple loci |	4.16%
        Number of reads mapped to too many loci |	8775
             % of reads mapped to too many loci |	0.03%
                                  UNMAPPED READS:
  Number of reads unmapped: too many mismatches |	0
       % of reads unmapped: too many mismatches |	0.00%
            Number of reads unmapped: too short |	2446235
                 % of reads unmapped: too short |	8.92%
                Number of reads unmapped: other |	21155
                     % of reads unmapped: other |	0.08%
                                  CHIMERIC READS:
                       Number of chimeric reads |	0
                            % of chimeric reads |	0.00%
