                                 Started job on |	Jun 16 16:42:18
                             Started mapping on |	Jun 16 16:42:35
                                    Finished on |	Jun 16 16:54:24
       Mapping speed, Million of reads per hour |	133.54

                          Number of input reads |	26299691
                      Average input read length |	296
                                    UNIQUE READS:
                   Uniquely mapped reads number |	23597922
                        Uniquely mapped reads % |	89.73%
                          Average mapped length |	294.89
                       Number of splices: Total |	21828273
            Number of splices: Annotated (sjdb) |	19345512
                       Number of splices: GT/AG |	21537127
                       Number of splices: GC/AG |	189288
                       Number of splices: AT/AC |	15739
               Number of splices: Non-canonical |	86119
                      Mismatch rate per base, % |	0.72%
                         Deletion rate per base |	0.06%
                        Deletion average length |	2.98
                        Insertion rate per base |	0.05%
                       Insertion average length |	2.61
                             MULTI-MAPPING READS:
        Number of reads mapped to multiple loci |	1154687
             % of reads mapped to multiple loci |	4.39%
        Number of reads mapped to too many loci |	2446
             % of reads mapped to too many loci |	0.01%
                                  UNMAPPED READS:
  Number of reads unmapped: too many mismatches |	0
       % of reads unmapped: too many mismatches |	0.00%
            Number of reads unmapped: too short |	1542755
                 % of reads unmapped: too short |	5.87%
                Number of reads unmapped: other |	1881
                     % of reads unmapped: other |	0.01%
                                  CHIMERIC READS:
                       Number of chimeric reads |	0
                            % of chimeric reads |	0.00%
