                                 Started job on |	Jun 16 16:38:15
                             Started mapping on |	Jun 16 16:39:15
                                    Finished on |	Jun 16 16:51:51
       Mapping speed, Million of reads per hour |	96.08

                          Number of input reads |	20177042
                      Average input read length |	295
                                    UNIQUE READS:
                   Uniquely mapped reads number |	17460132
                        Uniquely mapped reads % |	86.53%
                          Average mapped length |	292.85
                       Number of splices: Total |	15745659
            Number of splices: Annotated (sjdb) |	13888494
                       Number of splices: GT/AG |	15522152
                       Number of splices: GC/AG |	158750
                       Number of splices: AT/AC |	8106
               Number of splices: Non-canonical |	56651
                      Mismatch rate per base, % |	0.59%
                         Deletion rate per base |	0.05%
                        Deletion average length |	3.02
                        Insertion rate per base |	0.05%
                       Insertion average length |	2.59
                             MULTI-MAPPING READS:
        Number of reads mapped to multiple loci |	782869
             % of reads mapped to multiple loci |	3.88%
        Number of reads mapped to too many loci |	6950
             % of reads mapped to too many loci |	0.03%
                                  UNMAPPED READS:
  Number of reads unmapped: too many mismatches |	0
       % of reads unmapped: too many mismatches |	0.00%
            Number of reads unmapped: too short |	1904589
                 % of reads unmapped: too short |	9.44%
                Number of reads unmapped: other |	22502
                     % of reads unmapped: other |	0.11%
                                  CHIMERIC READS:
                       Number of chimeric reads |	0
                            % of chimeric reads |	0.00%
