                                 Started job on |	Jun 11 14:00:55
                             Started mapping on |	Jun 11 14:01:08
                                    Finished on |	Jun 11 14:21:07
       Mapping speed, Million of reads per hour |	77.10

                          Number of input reads |	25679929
                      Average input read length |	293
                                    UNIQUE READS:
                   Uniquely mapped reads number |	22408139
                        Uniquely mapped reads % |	87.26%
                          Average mapped length |	291.13
                       Number of splices: Total |	20679395
            Number of splices: Annotated (sjdb) |	18272406
                       Number of splices: GT/AG |	20384656
                       Number of splices: GC/AG |	213584
                       Number of splices: AT/AC |	11300
               Number of splices: Non-canonical |	69855
                      Mismatch rate per base, % |	0.60%
                         Deletion rate per base |	0.06%
                        Deletion average length |	3.15
                        Insertion rate per base |	0.04%
                       Insertion average length |	2.55
                             MULTI-MAPPING READS:
        Number of reads mapped to multiple loci |	1011786
             % of reads mapped to multiple loci |	3.94%
        Number of reads mapped to too many loci |	8714
             % of reads mapped to too many loci |	0.03%
                                  UNMAPPED READS:
  Number of reads unmapped: too many mismatches |	0
       % of reads unmapped: too many mismatches |	0.00%
            Number of reads unmapped: too short |	2225141
                 % of reads unmapped: too short |	8.66%
                Number of reads unmapped: other |	26149
                     % of reads unmapped: other |	0.10%
                                  CHIMERIC READS:
                       Number of chimeric reads |	0
                            % of chimeric reads |	0.00%
