                                 Started job on |	Jun 16 16:42:18
                             Started mapping on |	Jun 16 16:42:35
                                    Finished on |	Jun 16 16:55:01
       Mapping speed, Million of reads per hour |	140.18

                          Number of input reads |	29049056
                      Average input read length |	297
                                    UNIQUE READS:
                   Uniquely mapped reads number |	26274891
                        Uniquely mapped reads % |	90.45%
                          Average mapped length |	295.13
                       Number of splices: Total |	26162125
            Number of splices: Annotated (sjdb) |	23388168
                       Number of splices: GT/AG |	25844180
                       Number of splices: GC/AG |	224312
                       Number of splices: AT/AC |	14043
               Number of splices: Non-canonical |	79590
                      Mismatch rate per base, % |	0.69%
                         Deletion rate per base |	0.06%
                        Deletion average length |	2.92
                        Insertion rate per base |	0.05%
                       Insertion average length |	2.69
                             MULTI-MAPPING READS:
        Number of reads mapped to multiple loci |	1207499
             % of reads mapped to multiple loci |	4.16%
        Number of reads mapped to too many loci |	2362
             % of reads mapped to too many loci |	0.01%
                                  UNMAPPED READS:
  Number of reads unmapped: too many mismatches |	0
       % of reads unmapped: too many mismatches |	0.00%
            Number of reads unmapped: too short |	1562337
                 % of reads unmapped: too short |	5.38%
                Number of reads unmapped: other |	1967
                     % of reads unmapped: other |	0.01%
                                  CHIMERIC READS:
                       Number of chimeric reads |	0
                            % of chimeric reads |	0.00%
