                                 Started job on |	Jun 11 13:49:41
                             Started mapping on |	Jun 11 13:49:59
                                    Finished on |	Jun 11 13:51:22
       Mapping speed, Million of reads per hour |	399.72

                          Number of input reads |	9215826
                      Average input read length |	95
                                    UNIQUE READS:
                   Uniquely mapped reads number |	7953642
                        Uniquely mapped reads % |	86.30%
                          Average mapped length |	94.20
                       Number of splices: Total |	2118798
            Number of splices: Annotated (sjdb) |	1859492
                       Number of splices: GT/AG |	2083858
                       Number of splices: GC/AG |	20295
                       Number of splices: AT/AC |	1174
               Number of splices: Non-canonical |	13471
                      Mismatch rate per base, % |	0.96%
                         Deletion rate per base |	0.07%
                        Deletion average length |	2.38
                        Insertion rate per base |	0.05%
                       Insertion average length |	2.11
                             MULTI-MAPPING READS:
        Number of reads mapped to multiple loci |	701747
             % of reads mapped to multiple loci |	7.61%
        Number of reads mapped to too many loci |	1974
             % of reads mapped to too many loci |	0.02%
                                  UNMAPPED READS:
  Number of reads unmapped: too many mismatches |	0
       % of reads unmapped: too many mismatches |	0.00%
            Number of reads unmapped: too short |	558248
                 % of reads unmapped: too short |	6.06%
                Number of reads unmapped: other |	215
                     % of reads unmapped: other |	0.00%
                                  CHIMERIC READS:
                       Number of chimeric reads |	0
                            % of chimeric reads |	0.00%
