                                 Started job on |	Jun 16 16:34:41
                             Started mapping on |	Jun 16 16:34:50
                                    Finished on |	Jun 16 16:37:45
       Mapping speed, Million of reads per hour |	625.57

                          Number of input reads |	30409741
                      Average input read length |	34
                                    UNIQUE READS:
                   Uniquely mapped reads number |	20578116
                        Uniquely mapped reads % |	67.67%
                          Average mapped length |	34.70
                       Number of splices: Total |	1423326
            Number of splices: Annotated (sjdb) |	1336800
                       Number of splices: GT/AG |	1405193
                       Number of splices: GC/AG |	14201
                       Number of splices: AT/AC |	545
               Number of splices: Non-canonical |	3387
                      Mismatch rate per base, % |	0.56%
                         Deletion rate per base |	0.01%
                        Deletion average length |	1.41
                        Insertion rate per base |	0.01%
                       Insertion average length |	1.11
                             MULTI-MAPPING READS:
        Number of reads mapped to multiple loci |	6402791
             % of reads mapped to multiple loci |	21.06%
        Number of reads mapped to too many loci |	814663
             % of reads mapped to too many loci |	2.68%
                                  UNMAPPED READS:
  Number of reads unmapped: too many mismatches |	0
       % of reads unmapped: too many mismatches |	0.00%
            Number of reads unmapped: too short |	2438597
                 % of reads unmapped: too short |	8.02%
                Number of reads unmapped: other |	175574
                     % of reads unmapped: other |	0.58%
                                  CHIMERIC READS:
                       Number of chimeric reads |	0
                            % of chimeric reads |	0.00%
