                                 Started job on |	Jun 11 13:51:02
                             Started mapping on |	Jun 11 13:51:12
                                    Finished on |	Jun 11 13:53:25
       Mapping speed, Million of reads per hour |	789.77

                          Number of input reads |	29177566
                      Average input read length |	34
                                    UNIQUE READS:
                   Uniquely mapped reads number |	20143996
                        Uniquely mapped reads % |	69.04%
                          Average mapped length |	34.70
                       Number of splices: Total |	1314458
            Number of splices: Annotated (sjdb) |	1237025
                       Number of splices: GT/AG |	1298542
                       Number of splices: GC/AG |	11945
                       Number of splices: AT/AC |	490
               Number of splices: Non-canonical |	3481
                      Mismatch rate per base, % |	0.60%
                         Deletion rate per base |	0.01%
                        Deletion average length |	1.34
                        Insertion rate per base |	0.01%
                       Insertion average length |	1.09
                             MULTI-MAPPING READS:
        Number of reads mapped to multiple loci |	6484015
             % of reads mapped to multiple loci |	22.22%
        Number of reads mapped to too many loci |	657981
             % of reads mapped to too many loci |	2.26%
                                  UNMAPPED READS:
  Number of reads unmapped: too many mismatches |	0
       % of reads unmapped: too many mismatches |	0.00%
            Number of reads unmapped: too short |	1757879
                 % of reads unmapped: too short |	6.02%
                Number of reads unmapped: other |	133695
                     % of reads unmapped: other |	0.46%
                                  CHIMERIC READS:
                       Number of chimeric reads |	0
                            % of chimeric reads |	0.00%
