                                 Started job on |	Jun 11 14:15:23
                             Started mapping on |	Jun 11 14:15:38
                                    Finished on |	Jun 11 14:31:40
       Mapping speed, Million of reads per hour |	90.02

                          Number of input reads |	24055680
                      Average input read length |	293
                                    UNIQUE READS:
                   Uniquely mapped reads number |	21958973
                        Uniquely mapped reads % |	91.28%
                          Average mapped length |	292.53
                       Number of splices: Total |	21205126
            Number of splices: Annotated (sjdb) |	18573299
                       Number of splices: GT/AG |	20915928
                       Number of splices: GC/AG |	210161
                       Number of splices: AT/AC |	13171
               Number of splices: Non-canonical |	65866
                      Mismatch rate per base, % |	0.45%
                         Deletion rate per base |	0.04%
                        Deletion average length |	2.88
                        Insertion rate per base |	0.04%
                       Insertion average length |	2.51
                             MULTI-MAPPING READS:
        Number of reads mapped to multiple loci |	959894
             % of reads mapped to multiple loci |	3.99%
        Number of reads mapped to too many loci |	2889
             % of reads mapped to too many loci |	0.01%
                                  UNMAPPED READS:
  Number of reads unmapped: too many mismatches |	0
       % of reads unmapped: too many mismatches |	0.00%
            Number of reads unmapped: too short |	1127853
                 % of reads unmapped: too short |	4.69%
                Number of reads unmapped: other |	6071
                     % of reads unmapped: other |	0.03%
                                  CHIMERIC READS:
                       Number of chimeric reads |	0
                            % of chimeric reads |	0.00%
