                                 Started job on |	Jun 16 16:34:36
                             Started mapping on |	Jun 16 16:34:50
                                    Finished on |	Jun 16 16:38:32
       Mapping speed, Million of reads per hour |	458.39

                          Number of input reads |	28267549
                      Average input read length |	34
                                    UNIQUE READS:
                   Uniquely mapped reads number |	15335053
                        Uniquely mapped reads % |	54.25%
                          Average mapped length |	34.66
                       Number of splices: Total |	972486
            Number of splices: Annotated (sjdb) |	902681
                       Number of splices: GT/AG |	958521
                       Number of splices: GC/AG |	8625
                       Number of splices: AT/AC |	417
               Number of splices: Non-canonical |	4923
                      Mismatch rate per base, % |	0.74%
                         Deletion rate per base |	0.01%
                        Deletion average length |	1.43
                        Insertion rate per base |	0.01%
                       Insertion average length |	1.16
                             MULTI-MAPPING READS:
        Number of reads mapped to multiple loci |	5002346
             % of reads mapped to multiple loci |	17.70%
        Number of reads mapped to too many loci |	604814
             % of reads mapped to too many loci |	2.14%
                                  UNMAPPED READS:
  Number of reads unmapped: too many mismatches |	0
       % of reads unmapped: too many mismatches |	0.00%
            Number of reads unmapped: too short |	7229455
                 % of reads unmapped: too short |	25.58%
                Number of reads unmapped: other |	95881
                     % of reads unmapped: other |	0.34%
                                  CHIMERIC READS:
                       Number of chimeric reads |	0
                            % of chimeric reads |	0.00%
