                                 Started job on |	Jun 16 16:43:04
                             Started mapping on |	Jun 16 16:43:14
                                    Finished on |	Jun 16 16:58:20
       Mapping speed, Million of reads per hour |	100.62

                          Number of input reads |	25323658
                      Average input read length |	293
                                    UNIQUE READS:
                   Uniquely mapped reads number |	23139717
                        Uniquely mapped reads % |	91.38%
                          Average mapped length |	292.77
                       Number of splices: Total |	21290353
            Number of splices: Annotated (sjdb) |	18710230
                       Number of splices: GT/AG |	21010293
                       Number of splices: GC/AG |	200641
                       Number of splices: AT/AC |	14273
               Number of splices: Non-canonical |	65146
                      Mismatch rate per base, % |	0.46%
                         Deletion rate per base |	0.04%
                        Deletion average length |	2.91
                        Insertion rate per base |	0.04%
                       Insertion average length |	2.47
                             MULTI-MAPPING READS:
        Number of reads mapped to multiple loci |	1027448
             % of reads mapped to multiple loci |	4.06%
        Number of reads mapped to too many loci |	2410
             % of reads mapped to too many loci |	0.01%
                                  UNMAPPED READS:
  Number of reads unmapped: too many mismatches |	0
       % of reads unmapped: too many mismatches |	0.00%
            Number of reads unmapped: too short |	1147723
                 % of reads unmapped: too short |	4.53%
                Number of reads unmapped: other |	6360
                     % of reads unmapped: other |	0.03%
                                  CHIMERIC READS:
                       Number of chimeric reads |	0
                            % of chimeric reads |	0.00%
