                                 Started job on |	Jun 16 16:43:03
                             Started mapping on |	Jun 16 16:43:12
                                    Finished on |	Jun 16 17:00:21
       Mapping speed, Million of reads per hour |	92.41

                          Number of input reads |	26414491
                      Average input read length |	293
                                    UNIQUE READS:
                   Uniquely mapped reads number |	23726307
                        Uniquely mapped reads % |	89.82%
                          Average mapped length |	292.09
                       Number of splices: Total |	21529375
            Number of splices: Annotated (sjdb) |	18769643
                       Number of splices: GT/AG |	21233918
                       Number of splices: GC/AG |	193036
                       Number of splices: AT/AC |	20390
               Number of splices: Non-canonical |	82031
                      Mismatch rate per base, % |	0.46%
                         Deletion rate per base |	0.04%
                        Deletion average length |	2.76
                        Insertion rate per base |	0.04%
                       Insertion average length |	2.33
                             MULTI-MAPPING READS:
        Number of reads mapped to multiple loci |	1211029
             % of reads mapped to multiple loci |	4.58%
        Number of reads mapped to too many loci |	4070
             % of reads mapped to too many loci |	0.02%
                                  UNMAPPED READS:
  Number of reads unmapped: too many mismatches |	0
       % of reads unmapped: too many mismatches |	0.00%
            Number of reads unmapped: too short |	1464337
                 % of reads unmapped: too short |	5.54%
                Number of reads unmapped: other |	8748
                     % of reads unmapped: other |	0.03%
                                  CHIMERIC READS:
                       Number of chimeric reads |	0
                            % of chimeric reads |	0.00%
