                                 Started job on |	Jun 16 16:34:39
                             Started mapping on |	Jun 16 16:34:50
                                    Finished on |	Jun 16 16:38:06
       Mapping speed, Million of reads per hour |	566.72

                          Number of input reads |	30854584
                      Average input read length |	34
                                    UNIQUE READS:
                   Uniquely mapped reads number |	17332487
                        Uniquely mapped reads % |	56.17%
                          Average mapped length |	34.78
                       Number of splices: Total |	1114794
            Number of splices: Annotated (sjdb) |	1038378
                       Number of splices: GT/AG |	1100542
                       Number of splices: GC/AG |	10094
                       Number of splices: AT/AC |	561
               Number of splices: Non-canonical |	3597
                      Mismatch rate per base, % |	0.51%
                         Deletion rate per base |	0.01%
                        Deletion average length |	1.41
                        Insertion rate per base |	0.01%
                       Insertion average length |	1.18
                             MULTI-MAPPING READS:
        Number of reads mapped to multiple loci |	6539956
             % of reads mapped to multiple loci |	21.20%
        Number of reads mapped to too many loci |	937444
             % of reads mapped to too many loci |	3.04%
                                  UNMAPPED READS:
  Number of reads unmapped: too many mismatches |	0
       % of reads unmapped: too many mismatches |	0.00%
            Number of reads unmapped: too short |	5888112
                 % of reads unmapped: too short |	19.08%
                Number of reads unmapped: other |	156585
                     % of reads unmapped: other |	0.51%
                                  CHIMERIC READS:
                       Number of chimeric reads |	0
                            % of chimeric reads |	0.00%
