                                 Started job on |	Jun 16 16:34:33
                             Started mapping on |	Jun 16 16:34:50
                                    Finished on |	Jun 16 16:37:31
       Mapping speed, Million of reads per hour |	658.77

                          Number of input reads |	29461648
                      Average input read length |	34
                                    UNIQUE READS:
                   Uniquely mapped reads number |	24329102
                        Uniquely mapped reads % |	82.58%
                          Average mapped length |	34.80
                       Number of splices: Total |	1969148
            Number of splices: Annotated (sjdb) |	1849726
                       Number of splices: GT/AG |	1948551
                       Number of splices: GC/AG |	15341
                       Number of splices: AT/AC |	926
               Number of splices: Non-canonical |	4330
                      Mismatch rate per base, % |	0.49%
                         Deletion rate per base |	0.01%
                        Deletion average length |	1.58
                        Insertion rate per base |	0.01%
                       Insertion average length |	1.26
                             MULTI-MAPPING READS:
        Number of reads mapped to multiple loci |	3305329
             % of reads mapped to multiple loci |	11.22%
        Number of reads mapped to too many loci |	116492
             % of reads mapped to too many loci |	0.40%
                                  UNMAPPED READS:
  Number of reads unmapped: too many mismatches |	0
       % of reads unmapped: too many mismatches |	0.00%
            Number of reads unmapped: too short |	1690778
                 % of reads unmapped: too short |	5.74%
                Number of reads unmapped: other |	19947
                     % of reads unmapped: other |	0.07%
                                  CHIMERIC READS:
                       Number of chimeric reads |	0
                            % of chimeric reads |	0.00%
