                                 Started job on |	Jun 11 13:53:40
                             Started mapping on |	Jun 11 13:53:49
                                    Finished on |	Jun 11 13:58:25
       Mapping speed, Million of reads per hour |	493.30

                          Number of input reads |	37819742
                      Average input read length |	94
                                    UNIQUE READS:
                   Uniquely mapped reads number |	33203816
                        Uniquely mapped reads % |	87.79%
                          Average mapped length |	93.27
                       Number of splices: Total |	9407521
            Number of splices: Annotated (sjdb) |	8332858
                       Number of splices: GT/AG |	9245208
                       Number of splices: GC/AG |	110572
                       Number of splices: AT/AC |	4453
               Number of splices: Non-canonical |	47288
                      Mismatch rate per base, % |	0.88%
                         Deletion rate per base |	0.04%
                        Deletion average length |	2.38
                        Insertion rate per base |	0.03%
                       Insertion average length |	2.14
                             MULTI-MAPPING READS:
        Number of reads mapped to multiple loci |	2591837
             % of reads mapped to multiple loci |	6.85%
        Number of reads mapped to too many loci |	14305
             % of reads mapped to too many loci |	0.04%
                                  UNMAPPED READS:
  Number of reads unmapped: too many mismatches |	0
       % of reads unmapped: too many mismatches |	0.00%
            Number of reads unmapped: too short |	2008287
                 % of reads unmapped: too short |	5.31%
                Number of reads unmapped: other |	1497
                     % of reads unmapped: other |	0.00%
                                  CHIMERIC READS:
                       Number of chimeric reads |	0
                            % of chimeric reads |	0.00%
