                                 Started job on |	Jun 11 13:53:46
                             Started mapping on |	Jun 11 13:53:49
                                    Finished on |	Jun 11 13:58:05
       Mapping speed, Million of reads per hour |	525.35

                          Number of input reads |	37357966
                      Average input read length |	94
                                    UNIQUE READS:
                   Uniquely mapped reads number |	32832899
                        Uniquely mapped reads % |	87.89%
                          Average mapped length |	94.20
                       Number of splices: Total |	9805779
            Number of splices: Annotated (sjdb) |	8729545
                       Number of splices: GT/AG |	9659663
                       Number of splices: GC/AG |	104887
                       Number of splices: AT/AC |	4849
               Number of splices: Non-canonical |	36380
                      Mismatch rate per base, % |	0.90%
                         Deletion rate per base |	0.03%
                        Deletion average length |	2.51
                        Insertion rate per base |	0.03%
                       Insertion average length |	2.20
                             MULTI-MAPPING READS:
        Number of reads mapped to multiple loci |	2568633
             % of reads mapped to multiple loci |	6.88%
        Number of reads mapped to too many loci |	10865
             % of reads mapped to too many loci |	0.03%
                                  UNMAPPED READS:
  Number of reads unmapped: too many mismatches |	0
       % of reads unmapped: too many mismatches |	0.00%
            Number of reads unmapped: too short |	1944458
                 % of reads unmapped: too short |	5.20%
                Number of reads unmapped: other |	1111
                     % of reads unmapped: other |	0.00%
                                  CHIMERIC READS:
                       Number of chimeric reads |	0
                            % of chimeric reads |	0.00%
