                                 Started job on |	Jun 11 14:15:26
                             Started mapping on |	Jun 11 14:15:41
                                    Finished on |	Jun 11 14:35:05
       Mapping speed, Million of reads per hour |	73.33

                          Number of input reads |	23709667
                      Average input read length |	292
                                    UNIQUE READS:
                   Uniquely mapped reads number |	21210373
                        Uniquely mapped reads % |	89.46%
                          Average mapped length |	291.62
                       Number of splices: Total |	19413671
            Number of splices: Annotated (sjdb) |	16950022
                       Number of splices: GT/AG |	19152055
                       Number of splices: GC/AG |	170494
                       Number of splices: AT/AC |	17082
               Number of splices: Non-canonical |	74040
                      Mismatch rate per base, % |	0.45%
                         Deletion rate per base |	0.04%
                        Deletion average length |	2.76
                        Insertion rate per base |	0.04%
                       Insertion average length |	2.29
                             MULTI-MAPPING READS:
        Number of reads mapped to multiple loci |	1063787
             % of reads mapped to multiple loci |	4.49%
        Number of reads mapped to too many loci |	3457
             % of reads mapped to too many loci |	0.01%
                                  UNMAPPED READS:
  Number of reads unmapped: too many mismatches |	0
       % of reads unmapped: too many mismatches |	0.00%
            Number of reads unmapped: too short |	1424397
                 % of reads unmapped: too short |	6.01%
                Number of reads unmapped: other |	7653
                     % of reads unmapped: other |	0.03%
                                  CHIMERIC READS:
                       Number of chimeric reads |	0
                            % of chimeric reads |	0.00%
