                                 Started job on |	Jun 16 16:34:49
                             Started mapping on |	Jun 16 16:35:01
                                    Finished on |	Jun 16 16:37:54
       Mapping speed, Million of reads per hour |	554.54

                          Number of input reads |	26648732
                      Average input read length |	34
                                    UNIQUE READS:
                   Uniquely mapped reads number |	15824578
                        Uniquely mapped reads % |	59.38%
                          Average mapped length |	34.69
                       Number of splices: Total |	761893
            Number of splices: Annotated (sjdb) |	714536
                       Number of splices: GT/AG |	750790
                       Number of splices: GC/AG |	7806
                       Number of splices: AT/AC |	318
               Number of splices: Non-canonical |	2979
                      Mismatch rate per base, % |	0.62%
                         Deletion rate per base |	0.01%
                        Deletion average length |	1.29
                        Insertion rate per base |	0.01%
                       Insertion average length |	1.07
                             MULTI-MAPPING READS:
        Number of reads mapped to multiple loci |	7552935
             % of reads mapped to multiple loci |	28.34%
        Number of reads mapped to too many loci |	1145303
             % of reads mapped to too many loci |	4.30%
                                  UNMAPPED READS:
  Number of reads unmapped: too many mismatches |	0
       % of reads unmapped: too many mismatches |	0.00%
            Number of reads unmapped: too short |	1874490
                 % of reads unmapped: too short |	7.03%
                Number of reads unmapped: other |	251426
                     % of reads unmapped: other |	0.94%
                                  CHIMERIC READS:
                       Number of chimeric reads |	0
                            % of chimeric reads |	0.00%
