                                 Started job on |	Jun 11 13:54:37
                             Started mapping on |	Jun 11 13:54:46
                                    Finished on |	Jun 11 14:00:52
       Mapping speed, Million of reads per hour |	547.30

                          Number of input reads |	55641968
                      Average input read length |	94
                                    UNIQUE READS:
                   Uniquely mapped reads number |	48696543
                        Uniquely mapped reads % |	87.52%
                          Average mapped length |	94.21
                       Number of splices: Total |	13783848
            Number of splices: Annotated (sjdb) |	12229126
                       Number of splices: GT/AG |	13556919
                       Number of splices: GC/AG |	162508
                       Number of splices: AT/AC |	6024
               Number of splices: Non-canonical |	58397
                      Mismatch rate per base, % |	0.92%
                         Deletion rate per base |	0.04%
                        Deletion average length |	2.50
                        Insertion rate per base |	0.03%
                       Insertion average length |	2.22
                             MULTI-MAPPING READS:
        Number of reads mapped to multiple loci |	4027611
             % of reads mapped to multiple loci |	7.24%
        Number of reads mapped to too many loci |	14059
             % of reads mapped to too many loci |	0.03%
                                  UNMAPPED READS:
  Number of reads unmapped: too many mismatches |	0
       % of reads unmapped: too many mismatches |	0.00%
            Number of reads unmapped: too short |	2902676
                 % of reads unmapped: too short |	5.22%
                Number of reads unmapped: other |	1079
                     % of reads unmapped: other |	0.00%
                                  CHIMERIC READS:
                       Number of chimeric reads |	0
                            % of chimeric reads |	0.00%
