                                 Started job on |	Jun 11 13:50:59
                             Started mapping on |	Jun 11 13:51:09
                                    Finished on |	Jun 11 13:54:15
       Mapping speed, Million of reads per hour |	615.49

                          Number of input reads |	31800477
                      Average input read length |	34
                                    UNIQUE READS:
                   Uniquely mapped reads number |	21821025
                        Uniquely mapped reads % |	68.62%
                          Average mapped length |	34.71
                       Number of splices: Total |	1353550
            Number of splices: Annotated (sjdb) |	1265222
                       Number of splices: GT/AG |	1337020
                       Number of splices: GC/AG |	11345
                       Number of splices: AT/AC |	445
               Number of splices: Non-canonical |	4740
                      Mismatch rate per base, % |	0.61%
                         Deletion rate per base |	0.01%
                        Deletion average length |	1.43
                        Insertion rate per base |	0.01%
                       Insertion average length |	1.17
                             MULTI-MAPPING READS:
        Number of reads mapped to multiple loci |	6144942
             % of reads mapped to multiple loci |	19.32%
        Number of reads mapped to too many loci |	583711
             % of reads mapped to too many loci |	1.84%
                                  UNMAPPED READS:
  Number of reads unmapped: too many mismatches |	0
       % of reads unmapped: too many mismatches |	0.00%
            Number of reads unmapped: too short |	3157861
                 % of reads unmapped: too short |	9.93%
                Number of reads unmapped: other |	92938
                     % of reads unmapped: other |	0.29%
                                  CHIMERIC READS:
                       Number of chimeric reads |	0
                            % of chimeric reads |	0.00%
