                                 Started job on |	Jun 16 16:35:51
                             Started mapping on |	Jun 16 16:36:00
                                    Finished on |	Jun 16 16:42:04
       Mapping speed, Million of reads per hour |	595.01

                          Number of input reads |	60161953
                      Average input read length |	94
                                    UNIQUE READS:
                   Uniquely mapped reads number |	53255009
                        Uniquely mapped reads % |	88.52%
                          Average mapped length |	93.88
                       Number of splices: Total |	14997548
            Number of splices: Annotated (sjdb) |	13263767
                       Number of splices: GT/AG |	14793321
                       Number of splices: GC/AG |	143038
                       Number of splices: AT/AC |	7614
               Number of splices: Non-canonical |	53575
                      Mismatch rate per base, % |	0.88%
                         Deletion rate per base |	0.04%
                        Deletion average length |	2.49
                        Insertion rate per base |	0.03%
                       Insertion average length |	2.13
                             MULTI-MAPPING READS:
        Number of reads mapped to multiple loci |	3625065
             % of reads mapped to multiple loci |	6.03%
        Number of reads mapped to too many loci |	19334
             % of reads mapped to too many loci |	0.03%
                                  UNMAPPED READS:
  Number of reads unmapped: too many mismatches |	0
       % of reads unmapped: too many mismatches |	0.00%
            Number of reads unmapped: too short |	3259883
                 % of reads unmapped: too short |	5.42%
                Number of reads unmapped: other |	2662
                     % of reads unmapped: other |	0.00%
                                  CHIMERIC READS:
                       Number of chimeric reads |	0
                            % of chimeric reads |	0.00%
