                                 Started job on |	Jun 16 16:34:38
                             Started mapping on |	Jun 16 16:34:50
                                    Finished on |	Jun 16 16:38:07
       Mapping speed, Million of reads per hour |	564.43

                          Number of input reads |	30886661
                      Average input read length |	34
                                    UNIQUE READS:
                   Uniquely mapped reads number |	16221662
                        Uniquely mapped reads % |	52.52%
                          Average mapped length |	34.73
                       Number of splices: Total |	787697
            Number of splices: Annotated (sjdb) |	729101
                       Number of splices: GT/AG |	774162
                       Number of splices: GC/AG |	7920
                       Number of splices: AT/AC |	458
               Number of splices: Non-canonical |	5157
                      Mismatch rate per base, % |	0.59%
                         Deletion rate per base |	0.01%
                        Deletion average length |	1.33
                        Insertion rate per base |	0.01%
                       Insertion average length |	1.16
                             MULTI-MAPPING READS:
        Number of reads mapped to multiple loci |	7528397
             % of reads mapped to multiple loci |	24.37%
        Number of reads mapped to too many loci |	1204956
             % of reads mapped to too many loci |	3.90%
                                  UNMAPPED READS:
  Number of reads unmapped: too many mismatches |	0
       % of reads unmapped: too many mismatches |	0.00%
            Number of reads unmapped: too short |	5772788
                 % of reads unmapped: too short |	18.69%
                Number of reads unmapped: other |	158858
                     % of reads unmapped: other |	0.51%
                                  CHIMERIC READS:
                       Number of chimeric reads |	0
                            % of chimeric reads |	0.00%
