                                 Started job on |	Jun 11 14:15:30
                             Started mapping on |	Jun 11 14:15:41
                                    Finished on |	Jun 11 14:32:04
       Mapping speed, Million of reads per hour |	97.03

                          Number of input reads |	26494033
                      Average input read length |	293
                                    UNIQUE READS:
                   Uniquely mapped reads number |	24275093
                        Uniquely mapped reads % |	91.62%
                          Average mapped length |	292.53
                       Number of splices: Total |	23702964
            Number of splices: Annotated (sjdb) |	21080725
                       Number of splices: GT/AG |	23380263
                       Number of splices: GC/AG |	262082
                       Number of splices: AT/AC |	11240
               Number of splices: Non-canonical |	49379
                      Mismatch rate per base, % |	0.44%
                         Deletion rate per base |	0.04%
                        Deletion average length |	2.93
                        Insertion rate per base |	0.03%
                       Insertion average length |	2.43
                             MULTI-MAPPING READS:
        Number of reads mapped to multiple loci |	1043373
             % of reads mapped to multiple loci |	3.94%
        Number of reads mapped to too many loci |	1828
             % of reads mapped to too many loci |	0.01%
                                  UNMAPPED READS:
  Number of reads unmapped: too many mismatches |	0
       % of reads unmapped: too many mismatches |	0.00%
            Number of reads unmapped: too short |	1166267
                 % of reads unmapped: too short |	4.40%
                Number of reads unmapped: other |	7472
                     % of reads unmapped: other |	0.03%
                                  CHIMERIC READS:
                       Number of chimeric reads |	0
                            % of chimeric reads |	0.00%
