                                 Started job on |	Jun 11 14:15:23
                             Started mapping on |	Jun 11 14:15:38
                                    Finished on |	Jun 11 14:30:24
       Mapping speed, Million of reads per hour |	101.63

                          Number of input reads |	25012791
                      Average input read length |	293
                                    UNIQUE READS:
                   Uniquely mapped reads number |	22959165
                        Uniquely mapped reads % |	91.79%
                          Average mapped length |	292.28
                       Number of splices: Total |	22157534
            Number of splices: Annotated (sjdb) |	19720621
                       Number of splices: GT/AG |	21851475
                       Number of splices: GC/AG |	248526
                       Number of splices: AT/AC |	9747
               Number of splices: Non-canonical |	47786
                      Mismatch rate per base, % |	0.46%
                         Deletion rate per base |	0.04%
                        Deletion average length |	2.94
                        Insertion rate per base |	0.03%
                       Insertion average length |	2.45
                             MULTI-MAPPING READS:
        Number of reads mapped to multiple loci |	975760
             % of reads mapped to multiple loci |	3.90%
        Number of reads mapped to too many loci |	1568
             % of reads mapped to too many loci |	0.01%
                                  UNMAPPED READS:
  Number of reads unmapped: too many mismatches |	0
       % of reads unmapped: too many mismatches |	0.00%
            Number of reads unmapped: too short |	1068572
                 % of reads unmapped: too short |	4.27%
                Number of reads unmapped: other |	7726
                     % of reads unmapped: other |	0.03%
                                  CHIMERIC READS:
                       Number of chimeric reads |	0
                            % of chimeric reads |	0.00%
