                                 Started job on |	Jun 16 16:34:34
                             Started mapping on |	Jun 16 16:34:50
                                    Finished on |	Jun 16 16:37:39
       Mapping speed, Million of reads per hour |	635.31

                          Number of input reads |	29824134
                      Average input read length |	34
                                    UNIQUE READS:
                   Uniquely mapped reads number |	23905709
                        Uniquely mapped reads % |	80.16%
                          Average mapped length |	34.79
                       Number of splices: Total |	1855029
            Number of splices: Annotated (sjdb) |	1732985
                       Number of splices: GT/AG |	1834207
                       Number of splices: GC/AG |	14785
                       Number of splices: AT/AC |	831
               Number of splices: Non-canonical |	5206
                      Mismatch rate per base, % |	0.51%
                         Deletion rate per base |	0.01%
                        Deletion average length |	1.58
                        Insertion rate per base |	0.01%
                       Insertion average length |	1.24
                             MULTI-MAPPING READS:
        Number of reads mapped to multiple loci |	3599602
             % of reads mapped to multiple loci |	12.07%
        Number of reads mapped to too many loci |	227721
             % of reads mapped to too many loci |	0.76%
                                  UNMAPPED READS:
  Number of reads unmapped: too many mismatches |	0
       % of reads unmapped: too many mismatches |	0.00%
            Number of reads unmapped: too short |	2051402
                 % of reads unmapped: too short |	6.88%
                Number of reads unmapped: other |	39700
                     % of reads unmapped: other |	0.13%
                                  CHIMERIC READS:
                       Number of chimeric reads |	0
                            % of chimeric reads |	0.00%
