                                 Started job on |	Jun 11 14:15:30
                             Started mapping on |	Jun 11 14:15:43
                                    Finished on |	Jun 11 14:30:22
       Mapping speed, Million of reads per hour |	100.87

                          Number of input reads |	24627945
                      Average input read length |	293
                                    UNIQUE READS:
                   Uniquely mapped reads number |	22599644
                        Uniquely mapped reads % |	91.76%
                          Average mapped length |	292.46
                       Number of splices: Total |	21830083
            Number of splices: Annotated (sjdb) |	19090019
                       Number of splices: GT/AG |	21526251
                       Number of splices: GC/AG |	227908
                       Number of splices: AT/AC |	14106
               Number of splices: Non-canonical |	61818
                      Mismatch rate per base, % |	0.46%
                         Deletion rate per base |	0.04%
                        Deletion average length |	3.00
                        Insertion rate per base |	0.04%
                       Insertion average length |	2.52
                             MULTI-MAPPING READS:
        Number of reads mapped to multiple loci |	1011778
             % of reads mapped to multiple loci |	4.11%
        Number of reads mapped to too many loci |	3286
             % of reads mapped to too many loci |	0.01%
                                  UNMAPPED READS:
  Number of reads unmapped: too many mismatches |	0
       % of reads unmapped: too many mismatches |	0.00%
            Number of reads unmapped: too short |	1005766
                 % of reads unmapped: too short |	4.08%
                Number of reads unmapped: other |	7471
                     % of reads unmapped: other |	0.03%
                                  CHIMERIC READS:
                       Number of chimeric reads |	0
                            % of chimeric reads |	0.00%
