                                 Started job on |	Jun 11 14:15:45
                             Started mapping on |	Jun 11 14:16:01
                                    Finished on |	Jun 11 14:32:41
       Mapping speed, Million of reads per hour |	99.34

                          Number of input reads |	27594672
                      Average input read length |	293
                                    UNIQUE READS:
                   Uniquely mapped reads number |	25298766
                        Uniquely mapped reads % |	91.68%
                          Average mapped length |	292.77
                       Number of splices: Total |	24473380
            Number of splices: Annotated (sjdb) |	21500681
                       Number of splices: GT/AG |	24122360
                       Number of splices: GC/AG |	272474
                       Number of splices: AT/AC |	14401
               Number of splices: Non-canonical |	64145
                      Mismatch rate per base, % |	0.46%
                         Deletion rate per base |	0.04%
                        Deletion average length |	2.94
                        Insertion rate per base |	0.03%
                       Insertion average length |	2.48
                             MULTI-MAPPING READS:
        Number of reads mapped to multiple loci |	1137260
             % of reads mapped to multiple loci |	4.12%
        Number of reads mapped to too many loci |	3288
             % of reads mapped to too many loci |	0.01%
                                  UNMAPPED READS:
  Number of reads unmapped: too many mismatches |	0
       % of reads unmapped: too many mismatches |	0.00%
            Number of reads unmapped: too short |	1147808
                 % of reads unmapped: too short |	4.16%
                Number of reads unmapped: other |	7550
                     % of reads unmapped: other |	0.03%
                                  CHIMERIC READS:
                       Number of chimeric reads |	0
                            % of chimeric reads |	0.00%
