                                 Started job on |	Jun 11 13:51:01
                             Started mapping on |	Jun 11 13:51:09
                                    Finished on |	Jun 11 13:52:39
       Mapping speed, Million of reads per hour |	1063.66

                          Number of input reads |	26591486
                      Average input read length |	34
                                    UNIQUE READS:
                   Uniquely mapped reads number |	22025854
                        Uniquely mapped reads % |	82.83%
                          Average mapped length |	34.70
                       Number of splices: Total |	1658269
            Number of splices: Annotated (sjdb) |	1550839
                       Number of splices: GT/AG |	1639036
                       Number of splices: GC/AG |	13316
                       Number of splices: AT/AC |	735
               Number of splices: Non-canonical |	5182
                      Mismatch rate per base, % |	0.50%
                         Deletion rate per base |	0.01%
                        Deletion average length |	1.60
                        Insertion rate per base |	0.01%
                       Insertion average length |	1.27
                             MULTI-MAPPING READS:
        Number of reads mapped to multiple loci |	3018256
             % of reads mapped to multiple loci |	11.35%
        Number of reads mapped to too many loci |	113387
             % of reads mapped to too many loci |	0.43%
                                  UNMAPPED READS:
  Number of reads unmapped: too many mismatches |	0
       % of reads unmapped: too many mismatches |	0.00%
            Number of reads unmapped: too short |	1411368
                 % of reads unmapped: too short |	5.31%
                Number of reads unmapped: other |	22621
                     % of reads unmapped: other |	0.09%
                                  CHIMERIC READS:
                       Number of chimeric reads |	0
                            % of chimeric reads |	0.00%
