                                 Started job on |	Jun 11 13:49:44
                             Started mapping on |	Jun 11 13:49:56
                                    Finished on |	Jun 11 13:52:12
       Mapping speed, Million of reads per hour |	854.95

                          Number of input reads |	32298298
                      Average input read length |	34
                                    UNIQUE READS:
                   Uniquely mapped reads number |	26274620
                        Uniquely mapped reads % |	81.35%
                          Average mapped length |	34.79
                       Number of splices: Total |	1845231
            Number of splices: Annotated (sjdb) |	1725332
                       Number of splices: GT/AG |	1824802
                       Number of splices: GC/AG |	14204
                       Number of splices: AT/AC |	622
               Number of splices: Non-canonical |	5603
                      Mismatch rate per base, % |	0.54%
                         Deletion rate per base |	0.01%
                        Deletion average length |	1.57
                        Insertion rate per base |	0.00%
                       Insertion average length |	1.26
                             MULTI-MAPPING READS:
        Number of reads mapped to multiple loci |	3934556
             % of reads mapped to multiple loci |	12.18%
        Number of reads mapped to too many loci |	113600
             % of reads mapped to too many loci |	0.35%
                                  UNMAPPED READS:
  Number of reads unmapped: too many mismatches |	0
       % of reads unmapped: too many mismatches |	0.00%
            Number of reads unmapped: too short |	1947824
                 % of reads unmapped: too short |	6.03%
                Number of reads unmapped: other |	27698
                     % of reads unmapped: other |	0.09%
                                  CHIMERIC READS:
                       Number of chimeric reads |	0
                            % of chimeric reads |	0.00%
