                                 Started job on |	Jun 11 13:54:41
                             Started mapping on |	Jun 11 13:54:56
                                    Finished on |	Jun 11 14:00:19
       Mapping speed, Million of reads per hour |	416.13

                          Number of input reads |	37335675
                      Average input read length |	93
                                    UNIQUE READS:
                   Uniquely mapped reads number |	30815921
                        Uniquely mapped reads % |	82.54%
                          Average mapped length |	92.46
                       Number of splices: Total |	8225612
            Number of splices: Annotated (sjdb) |	7216655
                       Number of splices: GT/AG |	8100189
                       Number of splices: GC/AG |	80874
                       Number of splices: AT/AC |	4866
               Number of splices: Non-canonical |	39683
                      Mismatch rate per base, % |	0.96%
                         Deletion rate per base |	0.03%
                        Deletion average length |	2.47
                        Insertion rate per base |	0.03%
                       Insertion average length |	2.14
                             MULTI-MAPPING READS:
        Number of reads mapped to multiple loci |	2457404
             % of reads mapped to multiple loci |	6.58%
        Number of reads mapped to too many loci |	15263
             % of reads mapped to too many loci |	0.04%
                                  UNMAPPED READS:
  Number of reads unmapped: too many mismatches |	0
       % of reads unmapped: too many mismatches |	0.00%
            Number of reads unmapped: too short |	4046141
                 % of reads unmapped: too short |	10.84%
                Number of reads unmapped: other |	946
                     % of reads unmapped: other |	0.00%
                                  CHIMERIC READS:
                       Number of chimeric reads |	0
                            % of chimeric reads |	0.00%
