                                 Started job on |	Jun 11 13:49:42
                             Started mapping on |	Jun 11 13:49:51
                                    Finished on |	Jun 11 13:52:51
       Mapping speed, Million of reads per hour |	562.22

                          Number of input reads |	28110788
                      Average input read length |	34
                                    UNIQUE READS:
                   Uniquely mapped reads number |	12934105
                        Uniquely mapped reads % |	46.01%
                          Average mapped length |	34.69
                       Number of splices: Total |	684610
            Number of splices: Annotated (sjdb) |	632021
                       Number of splices: GT/AG |	674726
                       Number of splices: GC/AG |	6330
                       Number of splices: AT/AC |	305
               Number of splices: Non-canonical |	3249
                      Mismatch rate per base, % |	0.77%
                         Deletion rate per base |	0.01%
                        Deletion average length |	1.36
                        Insertion rate per base |	0.01%
                       Insertion average length |	1.14
                             MULTI-MAPPING READS:
        Number of reads mapped to multiple loci |	5461102
             % of reads mapped to multiple loci |	19.43%
        Number of reads mapped to too many loci |	767583
             % of reads mapped to too many loci |	2.73%
                                  UNMAPPED READS:
  Number of reads unmapped: too many mismatches |	0
       % of reads unmapped: too many mismatches |	0.00%
            Number of reads unmapped: too short |	8813875
                 % of reads unmapped: too short |	31.35%
                Number of reads unmapped: other |	134123
                     % of reads unmapped: other |	0.48%
                                  CHIMERIC READS:
                       Number of chimeric reads |	0
                            % of chimeric reads |	0.00%
