                                 Started job on |	Jun 16 16:34:37
                             Started mapping on |	Jun 16 16:34:50
                                    Finished on |	Jun 16 16:37:42
       Mapping speed, Million of reads per hour |	680.53

                          Number of input reads |	32514397
                      Average input read length |	34
                                    UNIQUE READS:
                   Uniquely mapped reads number |	20935283
                        Uniquely mapped reads % |	64.39%
                          Average mapped length |	34.70
                       Number of splices: Total |	1834695
            Number of splices: Annotated (sjdb) |	1713433
                       Number of splices: GT/AG |	1811787
                       Number of splices: GC/AG |	18087
                       Number of splices: AT/AC |	858
               Number of splices: Non-canonical |	3963
                      Mismatch rate per base, % |	0.52%
                         Deletion rate per base |	0.01%
                        Deletion average length |	1.48
                        Insertion rate per base |	0.00%
                       Insertion average length |	1.20
                             MULTI-MAPPING READS:
        Number of reads mapped to multiple loci |	4772181
             % of reads mapped to multiple loci |	14.68%
        Number of reads mapped to too many loci |	453037
             % of reads mapped to too many loci |	1.39%
                                  UNMAPPED READS:
  Number of reads unmapped: too many mismatches |	0
       % of reads unmapped: too many mismatches |	0.00%
            Number of reads unmapped: too short |	6274482
                 % of reads unmapped: too short |	19.30%
                Number of reads unmapped: other |	79414
                     % of reads unmapped: other |	0.24%
                                  CHIMERIC READS:
                       Number of chimeric reads |	0
                            % of chimeric reads |	0.00%
