                                 Started job on |	Jun 11 14:15:40
                             Started mapping on |	Jun 11 14:15:56
                                    Finished on |	Jun 11 14:33:39
       Mapping speed, Million of reads per hour |	93.58

                          Number of input reads |	27631925
                      Average input read length |	294
                                    UNIQUE READS:
                   Uniquely mapped reads number |	25291653
                        Uniquely mapped reads % |	91.53%
                          Average mapped length |	293.11
                       Number of splices: Total |	24088936
            Number of splices: Annotated (sjdb) |	21164218
                       Number of splices: GT/AG |	23770944
                       Number of splices: GC/AG |	228245
                       Number of splices: AT/AC |	15721
               Number of splices: Non-canonical |	74026
                      Mismatch rate per base, % |	0.45%
                         Deletion rate per base |	0.04%
                        Deletion average length |	2.89
                        Insertion rate per base |	0.04%
                       Insertion average length |	2.53
                             MULTI-MAPPING READS:
        Number of reads mapped to multiple loci |	1083246
             % of reads mapped to multiple loci |	3.92%
        Number of reads mapped to too many loci |	3108
             % of reads mapped to too many loci |	0.01%
                                  UNMAPPED READS:
  Number of reads unmapped: too many mismatches |	0
       % of reads unmapped: too many mismatches |	0.00%
            Number of reads unmapped: too short |	1246245
                 % of reads unmapped: too short |	4.51%
                Number of reads unmapped: other |	7673
                     % of reads unmapped: other |	0.03%
                                  CHIMERIC READS:
                       Number of chimeric reads |	0
                            % of chimeric reads |	0.00%
