                                 Started job on |	Jun 11 14:15:34
                             Started mapping on |	Jun 11 14:15:46
                                    Finished on |	Jun 11 14:30:03
       Mapping speed, Million of reads per hour |	97.84

                          Number of input reads |	23290919
                      Average input read length |	292
                                    UNIQUE READS:
                   Uniquely mapped reads number |	21214821
                        Uniquely mapped reads % |	91.09%
                          Average mapped length |	291.58
                       Number of splices: Total |	21404478
            Number of splices: Annotated (sjdb) |	19011650
                       Number of splices: GT/AG |	21113453
                       Number of splices: GC/AG |	239053
                       Number of splices: AT/AC |	10419
               Number of splices: Non-canonical |	41553
                      Mismatch rate per base, % |	0.45%
                         Deletion rate per base |	0.03%
                        Deletion average length |	2.87
                        Insertion rate per base |	0.03%
                       Insertion average length |	2.42
                             MULTI-MAPPING READS:
        Number of reads mapped to multiple loci |	913508
             % of reads mapped to multiple loci |	3.92%
        Number of reads mapped to too many loci |	1588
             % of reads mapped to too many loci |	0.01%
                                  UNMAPPED READS:
  Number of reads unmapped: too many mismatches |	0
       % of reads unmapped: too many mismatches |	0.00%
            Number of reads unmapped: too short |	1153772
                 % of reads unmapped: too short |	4.95%
                Number of reads unmapped: other |	7230
                     % of reads unmapped: other |	0.03%
                                  CHIMERIC READS:
                       Number of chimeric reads |	0
                            % of chimeric reads |	0.00%
