                                 Started job on |	Jun 16 16:34:35
                             Started mapping on |	Jun 16 16:34:50
                                    Finished on |	Jun 16 16:35:42
       Mapping speed, Million of reads per hour |	618.74

                          Number of input reads |	8937385
                      Average input read length |	37
                                    UNIQUE READS:
                   Uniquely mapped reads number |	7277338
                        Uniquely mapped reads % |	81.43%
                          Average mapped length |	37.71
                       Number of splices: Total |	658737
            Number of splices: Annotated (sjdb) |	610801
                       Number of splices: GT/AG |	649992
                       Number of splices: GC/AG |	5958
                       Number of splices: AT/AC |	356
               Number of splices: Non-canonical |	2431
                      Mismatch rate per base, % |	0.64%
                         Deletion rate per base |	0.02%
                        Deletion average length |	1.68
                        Insertion rate per base |	0.01%
                       Insertion average length |	1.36
                             MULTI-MAPPING READS:
        Number of reads mapped to multiple loci |	1156981
             % of reads mapped to multiple loci |	12.95%
        Number of reads mapped to too many loci |	35040
             % of reads mapped to too many loci |	0.39%
                                  UNMAPPED READS:
  Number of reads unmapped: too many mismatches |	0
       % of reads unmapped: too many mismatches |	0.00%
            Number of reads unmapped: too short |	460309
                 % of reads unmapped: too short |	5.15%
                Number of reads unmapped: other |	7717
                     % of reads unmapped: other |	0.09%
                                  CHIMERIC READS:
                       Number of chimeric reads |	0
                            % of chimeric reads |	0.00%
