                                 Started job on |	Jun 11 14:15:27
                             Started mapping on |	Jun 11 14:15:37
                                    Finished on |	Jun 11 14:30:23
       Mapping speed, Million of reads per hour |	101.19

                          Number of input reads |	24904945
                      Average input read length |	293
                                    UNIQUE READS:
                   Uniquely mapped reads number |	22812670
                        Uniquely mapped reads % |	91.60%
                          Average mapped length |	292.01
                       Number of splices: Total |	21979360
            Number of splices: Annotated (sjdb) |	19200534
                       Number of splices: GT/AG |	21658163
                       Number of splices: GC/AG |	243804
                       Number of splices: AT/AC |	13985
               Number of splices: Non-canonical |	63408
                      Mismatch rate per base, % |	0.46%
                         Deletion rate per base |	0.04%
                        Deletion average length |	2.98
                        Insertion rate per base |	0.04%
                       Insertion average length |	2.47
                             MULTI-MAPPING READS:
        Number of reads mapped to multiple loci |	1052935
             % of reads mapped to multiple loci |	4.23%
        Number of reads mapped to too many loci |	2883
             % of reads mapped to too many loci |	0.01%
                                  UNMAPPED READS:
  Number of reads unmapped: too many mismatches |	0
       % of reads unmapped: too many mismatches |	0.00%
            Number of reads unmapped: too short |	1029083
                 % of reads unmapped: too short |	4.13%
                Number of reads unmapped: other |	7374
                     % of reads unmapped: other |	0.03%
                                  CHIMERIC READS:
                       Number of chimeric reads |	0
                            % of chimeric reads |	0.00%
